INFO - 2024-12-29 08:30:31 --> Session: Class initialized using 'CodeIgniter\Session\Handlers\FileHandler' driver.
INFO - 2024-12-29 08:30:34 --> Session: Class initialized using 'CodeIgniter\Session\Handlers\FileHandler' driver.
INFO - 2024-12-29 10:26:54 --> Session: Class initialized using 'CodeIgniter\Session\Handlers\FileHandler' driver.
INFO - 2024-12-29 10:26:58 --> Session: Class initialized using 'CodeIgniter\Session\Handlers\FileHandler' driver.
INFO - 2024-12-29 10:27:00 --> Session: Class initialized using 'CodeIgniter\Session\Handlers\FileHandler' driver.
INFO - 2024-12-29 10:27:57 --> Session: Class initialized using 'CodeIgniter\Session\Handlers\FileHandler' driver.
INFO - 2024-12-29 10:27:59 --> Session: Class initialized using 'CodeIgniter\Session\Handlers\FileHandler' driver.
INFO - 2024-12-29 10:29:26 --> Session: Class initialized using 'CodeIgniter\Session\Handlers\FileHandler' driver.
INFO - 2024-12-29 10:29:29 --> Session: Class initialized using 'CodeIgniter\Session\Handlers\FileHandler' driver.
INFO - 2024-12-29 10:29:32 --> Session: Class initialized using 'CodeIgniter\Session\Handlers\FileHandler' driver.
CRITICAL - 2024-12-29 11:05:00 --> Call to undefined function word_limiter()
in APPPATH\Views\sayfalar\anasayfa.php on line 29.
 1 SYSTEMPATH\View\View.php(226): include()
 2 SYSTEMPATH\View\View.php(229): CodeIgniter\View\View->CodeIgniter\View\{closure}()
 3 SYSTEMPATH\Common.php(1188): CodeIgniter\View\View->render('sayfalar/anasayfa', [], true)
 4 APPPATH\Controllers\Anasayfa.php(127): view('sayfalar/anasayfa')
 5 SYSTEMPATH\CodeIgniter.php(919): App\Controllers\Anasayfa->anasayfa()
 6 SYSTEMPATH\CodeIgniter.php(494): CodeIgniter\CodeIgniter->runController(Object(App\Controllers\Anasayfa))
 7 SYSTEMPATH\CodeIgniter.php(353): CodeIgniter\CodeIgniter->handleRequest(null, Object(Config\Cache), false)
 8 FCPATH\index.php(79): CodeIgniter\CodeIgniter->run()
INFO - 2024-12-29 11:05:46 --> Session: Class initialized using 'CodeIgniter\Session\Handlers\FileHandler' driver.
CRITICAL - 2024-12-29 11:05:48 --> Invalid file: "sayfalar/cart_view.php"
in SYSTEMPATH\Exceptions\FrameworkException.php on line 39.
 1 SYSTEMPATH\View\View.php(214): CodeIgniter\Exceptions\FrameworkException::forInvalidFile('sayfalar/cart_view.php')
 2 SYSTEMPATH\Common.php(1188): CodeIgniter\View\View->render('sayfalar/cart_view', [], true)
 3 APPPATH\Controllers\CartController.php(35): view('sayfalar/cart_view', [...])
 4 SYSTEMPATH\CodeIgniter.php(919): App\Controllers\CartController->view()
 5 SYSTEMPATH\CodeIgniter.php(494): CodeIgniter\CodeIgniter->runController(Object(App\Controllers\CartController))
 6 SYSTEMPATH\CodeIgniter.php(353): CodeIgniter\CodeIgniter->handleRequest(null, Object(Config\Cache), false)
 7 FCPATH\index.php(79): CodeIgniter\CodeIgniter->run()
INFO - 2024-12-29 11:05:55 --> Session: Class initialized using 'CodeIgniter\Session\Handlers\FileHandler' driver.
CRITICAL - 2024-12-29 11:05:56 --> Invalid file: "sayfalar/cart_view.php"
in SYSTEMPATH\Exceptions\FrameworkException.php on line 39.
 1 SYSTEMPATH\View\View.php(214): CodeIgniter\Exceptions\FrameworkException::forInvalidFile('sayfalar/cart_view.php')
 2 SYSTEMPATH\Common.php(1188): CodeIgniter\View\View->render('sayfalar/cart_view', [], true)
 3 APPPATH\Controllers\CartController.php(35): view('sayfalar/cart_view', [...])
 4 SYSTEMPATH\CodeIgniter.php(919): App\Controllers\CartController->view()
 5 SYSTEMPATH\CodeIgniter.php(494): CodeIgniter\CodeIgniter->runController(Object(App\Controllers\CartController))
 6 SYSTEMPATH\CodeIgniter.php(353): CodeIgniter\CodeIgniter->handleRequest(null, Object(Config\Cache), false)
 7 FCPATH\index.php(79): CodeIgniter\CodeIgniter->run()
INFO - 2024-12-29 11:06:23 --> Session: Class initialized using 'CodeIgniter\Session\Handlers\FileHandler' driver.
CRITICAL - 2024-12-29 11:06:24 --> Invalid file: "sayfalar/cart_view.php"
in SYSTEMPATH\Exceptions\FrameworkException.php on line 39.
 1 SYSTEMPATH\View\View.php(214): CodeIgniter\Exceptions\FrameworkException::forInvalidFile('sayfalar/cart_view.php')
 2 SYSTEMPATH\Common.php(1188): CodeIgniter\View\View->render('sayfalar/cart_view', [], true)
 3 APPPATH\Controllers\CartController.php(35): view('sayfalar/cart_view', [...])
 4 SYSTEMPATH\CodeIgniter.php(919): App\Controllers\CartController->view()
 5 SYSTEMPATH\CodeIgniter.php(494): CodeIgniter\CodeIgniter->runController(Object(App\Controllers\CartController))
 6 SYSTEMPATH\CodeIgniter.php(353): CodeIgniter\CodeIgniter->handleRequest(null, Object(Config\Cache), false)
 7 FCPATH\index.php(79): CodeIgniter\CodeIgniter->run()
CRITICAL - 2024-12-29 11:07:59 --> Cannot redeclare url_title() (previously declared in C:\wamp64\www\code\system\Helpers\url_helper.php:419)
in APPPATH\Views\sayfalar\hirka.php on line 3.
 1 [internal function]: CodeIgniter\Debug\Exceptions->shutdownHandler()
INFO - 2024-12-29 11:11:56 --> Session: Class initialized using 'CodeIgniter\Session\Handlers\FileHandler' driver.
CRITICAL - 2024-12-29 11:11:57 --> Invalid file: "sayfalar/cart_view.php"
in SYSTEMPATH\Exceptions\FrameworkException.php on line 39.
 1 SYSTEMPATH\View\View.php(214): CodeIgniter\Exceptions\FrameworkException::forInvalidFile('sayfalar/cart_view.php')
 2 SYSTEMPATH\Common.php(1188): CodeIgniter\View\View->render('sayfalar/cart_view', [], true)
 3 APPPATH\Controllers\CartController.php(35): view('sayfalar/cart_view', [...])
 4 SYSTEMPATH\CodeIgniter.php(919): App\Controllers\CartController->view()
 5 SYSTEMPATH\CodeIgniter.php(494): CodeIgniter\CodeIgniter->runController(Object(App\Controllers\CartController))
 6 SYSTEMPATH\CodeIgniter.php(353): CodeIgniter\CodeIgniter->handleRequest(null, Object(Config\Cache), false)
 7 FCPATH\index.php(79): CodeIgniter\CodeIgniter->run()
INFO - 2024-12-29 11:28:08 --> Session: Class initialized using 'CodeIgniter\Session\Handlers\FileHandler' driver.
INFO - 2024-12-29 11:28:32 --> CSRF token verified.
INFO - 2024-12-29 11:28:32 --> Session: Class initialized using 'CodeIgniter\Session\Handlers\FileHandler' driver.
INFO - 2024-12-29 11:28:33 --> Session: Class initialized using 'CodeIgniter\Session\Handlers\FileHandler' driver.
INFO - 2024-12-29 11:32:29 --> Session: Class initialized using 'CodeIgniter\Session\Handlers\FileHandler' driver.
INFO - 2024-12-29 11:32:31 --> Session: Class initialized using 'CodeIgniter\Session\Handlers\FileHandler' driver.
INFO - 2024-12-29 11:32:35 --> Session: Class initialized using 'CodeIgniter\Session\Handlers\FileHandler' driver.
INFO - 2024-12-29 11:33:10 --> Session: Class initialized using 'CodeIgniter\Session\Handlers\FileHandler' driver.
INFO - 2024-12-29 11:33:10 --> Session: Class initialized using 'CodeIgniter\Session\Handlers\FileHandler' driver.
INFO - 2024-12-29 11:33:23 --> CSRF token verified.
INFO - 2024-12-29 11:33:23 --> Session: Class initialized using 'CodeIgniter\Session\Handlers\FileHandler' driver.
CRITICAL - 2024-12-29 11:34:15 --> The action you requested is not allowed.
in SYSTEMPATH\Security\Security.php on line 298.
 1 SYSTEMPATH\Security\Security.php(298): CodeIgniter\Security\Exceptions\SecurityException::forDisallowedAction()
 2 SYSTEMPATH\Filters\CSRF.php(55): CodeIgniter\Security\Security->verify(Object(CodeIgniter\HTTP\IncomingRequest))
 3 SYSTEMPATH\Filters\Filters.php(182): CodeIgniter\Filters\CSRF->before(Object(CodeIgniter\HTTP\IncomingRequest), null)
 4 SYSTEMPATH\CodeIgniter.php(466): CodeIgniter\Filters\Filters->run('login', 'before')
 5 SYSTEMPATH\CodeIgniter.php(353): CodeIgniter\CodeIgniter->handleRequest(null, Object(Config\Cache), false)
 6 FCPATH\index.php(79): CodeIgniter\CodeIgniter->run()
INFO - 2024-12-29 11:34:19 --> Session: Class initialized using 'CodeIgniter\Session\Handlers\FileHandler' driver.
INFO - 2024-12-29 11:34:19 --> Session: Class initialized using 'CodeIgniter\Session\Handlers\FileHandler' driver.
INFO - 2024-12-29 11:34:29 --> CSRF token verified.
INFO - 2024-12-29 11:34:29 --> Session: Class initialized using 'CodeIgniter\Session\Handlers\FileHandler' driver.
INFO - 2024-12-29 11:34:29 --> Session: Class initialized using 'CodeIgniter\Session\Handlers\FileHandler' driver.
INFO - 2024-12-29 11:38:31 --> Session: Class initialized using 'CodeIgniter\Session\Handlers\FileHandler' driver.
INFO - 2024-12-29 11:38:31 --> Session: Class initialized using 'CodeIgniter\Session\Handlers\FileHandler' driver.
INFO - 2024-12-29 11:38:32 --> Session: Class initialized using 'CodeIgniter\Session\Handlers\FileHandler' driver.
INFO - 2024-12-29 11:38:46 --> CSRF token verified.
INFO - 2024-12-29 11:38:46 --> Session: Class initialized using 'CodeIgniter\Session\Handlers\FileHandler' driver.
INFO - 2024-12-29 11:38:54 --> Session: Class initialized using 'CodeIgniter\Session\Handlers\FileHandler' driver.
INFO - 2024-12-29 11:39:23 --> CSRF token verified.
INFO - 2024-12-29 11:39:23 --> Session: Class initialized using 'CodeIgniter\Session\Handlers\FileHandler' driver.
INFO - 2024-12-29 11:39:48 --> CSRF token verified.
INFO - 2024-12-29 11:39:48 --> Session: Class initialized using 'CodeIgniter\Session\Handlers\FileHandler' driver.
INFO - 2024-12-29 11:40:29 --> Session: Class initialized using 'CodeIgniter\Session\Handlers\FileHandler' driver.
INFO - 2024-12-29 11:40:29 --> Session: Class initialized using 'CodeIgniter\Session\Handlers\FileHandler' driver.
INFO - 2024-12-29 11:45:52 --> Session: Class initialized using 'CodeIgniter\Session\Handlers\FileHandler' driver.
INFO - 2024-12-29 11:46:02 --> CSRF token verified.
INFO - 2024-12-29 11:46:02 --> Session: Class initialized using 'CodeIgniter\Session\Handlers\FileHandler' driver.
CRITICAL - 2024-12-29 11:47:34 --> Class 'App\Controllers\AnasayfaModel' not found
in APPPATH\Controllers\Panel.php on line 13.
 1 SYSTEMPATH\CodeIgniter.php(919): App\Controllers\Panel->index()
 2 SYSTEMPATH\CodeIgniter.php(494): CodeIgniter\CodeIgniter->runController(Object(App\Controllers\Panel))
 3 SYSTEMPATH\CodeIgniter.php(353): CodeIgniter\CodeIgniter->handleRequest(null, Object(Config\Cache), false)
 4 FCPATH\index.php(79): CodeIgniter\CodeIgniter->run()
INFO - 2024-12-29 11:48:04 --> Session: Class initialized using 'CodeIgniter\Session\Handlers\FileHandler' driver.
INFO - 2024-12-29 11:48:04 --> Session: Class initialized using 'CodeIgniter\Session\Handlers\FileHandler' driver.
INFO - 2024-12-29 11:52:11 --> Session: Class initialized using 'CodeIgniter\Session\Handlers\FileHandler' driver.
INFO - 2024-12-29 11:52:11 --> Session: Class initialized using 'CodeIgniter\Session\Handlers\FileHandler' driver.
INFO - 2024-12-29 11:52:20 --> CSRF token verified.
INFO - 2024-12-29 11:52:20 --> Session: Class initialized using 'CodeIgniter\Session\Handlers\FileHandler' driver.
INFO - 2024-12-29 11:52:30 --> CSRF token verified.
INFO - 2024-12-29 11:52:30 --> Session: Class initialized using 'CodeIgniter\Session\Handlers\FileHandler' driver.
INFO - 2024-12-29 11:52:50 --> Session: Class initialized using 'CodeIgniter\Session\Handlers\FileHandler' driver.
INFO - 2024-12-29 11:52:50 --> Session: Class initialized using 'CodeIgniter\Session\Handlers\FileHandler' driver.
INFO - 2024-12-29 11:52:53 --> Session: Class initialized using 'CodeIgniter\Session\Handlers\FileHandler' driver.
INFO - 2024-12-29 11:53:23 --> CSRF token verified.
INFO - 2024-12-29 11:53:23 --> Session: Class initialized using 'CodeIgniter\Session\Handlers\FileHandler' driver.
INFO - 2024-12-29 11:53:23 --> Session: Class initialized using 'CodeIgniter\Session\Handlers\FileHandler' driver.
INFO - 2024-12-29 11:56:47 --> Session: Class initialized using 'CodeIgniter\Session\Handlers\FileHandler' driver.
INFO - 2024-12-29 11:56:47 --> Session: Class initialized using 'CodeIgniter\Session\Handlers\FileHandler' driver.
INFO - 2024-12-29 11:57:00 --> CSRF token verified.
INFO - 2024-12-29 11:57:01 --> Session: Class initialized using 'CodeIgniter\Session\Handlers\FileHandler' driver.
INFO - 2024-12-29 11:57:32 --> Session: Class initialized using 'CodeIgniter\Session\Handlers\FileHandler' driver.
INFO - 2024-12-29 11:57:32 --> Session: Class initialized using 'CodeIgniter\Session\Handlers\FileHandler' driver.
INFO - 2024-12-29 11:57:50 --> CSRF token verified.
INFO - 2024-12-29 11:57:50 --> Session: Class initialized using 'CodeIgniter\Session\Handlers\FileHandler' driver.
INFO - 2024-12-29 11:57:51 --> Session: Class initialized using 'CodeIgniter\Session\Handlers\FileHandler' driver.
INFO - 2024-12-29 11:58:44 --> Session: Class initialized using 'CodeIgniter\Session\Handlers\FileHandler' driver.
INFO - 2024-12-29 11:58:45 --> Session: Class initialized using 'CodeIgniter\Session\Handlers\FileHandler' driver.
INFO - 2024-12-29 11:58:57 --> CSRF token verified.
INFO - 2024-12-29 11:58:57 --> Session: Class initialized using 'CodeIgniter\Session\Handlers\FileHandler' driver.
INFO - 2024-12-29 11:58:57 --> Session: Class initialized using 'CodeIgniter\Session\Handlers\FileHandler' driver.
INFO - 2024-12-29 11:59:04 --> Session: Class initialized using 'CodeIgniter\Session\Handlers\FileHandler' driver.
INFO - 2024-12-29 11:59:04 --> Session: Class initialized using 'CodeIgniter\Session\Handlers\FileHandler' driver.
INFO - 2024-12-29 11:59:13 --> Session: Class initialized using 'CodeIgniter\Session\Handlers\FileHandler' driver.
INFO - 2024-12-29 11:59:55 --> Session: Class initialized using 'CodeIgniter\Session\Handlers\FileHandler' driver.
INFO - 2024-12-29 12:01:05 --> Session: Class initialized using 'CodeIgniter\Session\Handlers\FileHandler' driver.
INFO - 2024-12-29 12:01:30 --> CSRF token verified.
INFO - 2024-12-29 12:01:30 --> Session: Class initialized using 'CodeIgniter\Session\Handlers\FileHandler' driver.
INFO - 2024-12-29 12:01:42 --> CSRF token verified.
INFO - 2024-12-29 12:01:42 --> Session: Class initialized using 'CodeIgniter\Session\Handlers\FileHandler' driver.
INFO - 2024-12-29 12:01:58 --> CSRF token verified.
INFO - 2024-12-29 12:01:58 --> Session: Class initialized using 'CodeIgniter\Session\Handlers\FileHandler' driver.
INFO - 2024-12-29 12:02:02 --> Session: Class initialized using 'CodeIgniter\Session\Handlers\FileHandler' driver.
INFO - 2024-12-29 12:02:03 --> Session: Class initialized using 'CodeIgniter\Session\Handlers\FileHandler' driver.
INFO - 2024-12-29 12:09:15 --> Session: Class initialized using 'CodeIgniter\Session\Handlers\FileHandler' driver.
INFO - 2024-12-29 12:09:15 --> Session: Class initialized using 'CodeIgniter\Session\Handlers\FileHandler' driver.
INFO - 2024-12-29 12:09:18 --> Session: Class initialized using 'CodeIgniter\Session\Handlers\FileHandler' driver.
INFO - 2024-12-29 12:09:34 --> CSRF token verified.
INFO - 2024-12-29 12:09:34 --> Session: Class initialized using 'CodeIgniter\Session\Handlers\FileHandler' driver.
INFO - 2024-12-29 12:09:44 --> CSRF token verified.
INFO - 2024-12-29 12:09:44 --> Session: Class initialized using 'CodeIgniter\Session\Handlers\FileHandler' driver.
INFO - 2024-12-29 12:10:09 --> CSRF token verified.
INFO - 2024-12-29 12:10:09 --> Session: Class initialized using 'CodeIgniter\Session\Handlers\FileHandler' driver.
INFO - 2024-12-29 12:10:09 --> Session: Class initialized using 'CodeIgniter\Session\Handlers\FileHandler' driver.
INFO - 2024-12-29 12:10:19 --> Session: Class initialized using 'CodeIgniter\Session\Handlers\FileHandler' driver.
INFO - 2024-12-29 12:10:19 --> Session: Class initialized using 'CodeIgniter\Session\Handlers\FileHandler' driver.
INFO - 2024-12-29 12:15:17 --> CSRF token verified.
INFO - 2024-12-29 12:15:17 --> Session: Class initialized using 'CodeIgniter\Session\Handlers\FileHandler' driver.
INFO - 2024-12-29 12:15:18 --> Session: Class initialized using 'CodeIgniter\Session\Handlers\FileHandler' driver.
INFO - 2024-12-29 12:19:57 --> Session: Class initialized using 'CodeIgniter\Session\Handlers\FileHandler' driver.
CRITICAL - 2024-12-29 12:19:59 --> Invalid file: "sayfalar/cart_view.php"
in SYSTEMPATH\Exceptions\FrameworkException.php on line 39.
 1 SYSTEMPATH\View\View.php(214): CodeIgniter\Exceptions\FrameworkException::forInvalidFile('sayfalar/cart_view.php')
 2 SYSTEMPATH\Common.php(1188): CodeIgniter\View\View->render('sayfalar/cart_view', [], true)
 3 APPPATH\Controllers\CartController.php(35): view('sayfalar/cart_view', [...])
 4 SYSTEMPATH\CodeIgniter.php(919): App\Controllers\CartController->view()
 5 SYSTEMPATH\CodeIgniter.php(494): CodeIgniter\CodeIgniter->runController(Object(App\Controllers\CartController))
 6 SYSTEMPATH\CodeIgniter.php(353): CodeIgniter\CodeIgniter->handleRequest(null, Object(Config\Cache), false)
 7 FCPATH\index.php(79): CodeIgniter\CodeIgniter->run()
INFO - 2024-12-29 12:25:25 --> Session: Class initialized using 'CodeIgniter\Session\Handlers\FileHandler' driver.
INFO - 2024-12-29 12:25:34 --> CSRF token verified.
INFO - 2024-12-29 12:25:34 --> Session: Class initialized using 'CodeIgniter\Session\Handlers\FileHandler' driver.
INFO - 2024-12-29 12:28:42 --> CSRF token verified.
INFO - 2024-12-29 12:28:42 --> Session: Class initialized using 'CodeIgniter\Session\Handlers\FileHandler' driver.
ERROR - 2024-12-29 12:28:42 --> mysqli_sql_exception: Column 'product_price' cannot be null in C:\wamp64\www\code\system\Database\MySQLi\Connection.php:306
Stack trace:
#0 C:\wamp64\www\code\system\Database\MySQLi\Connection.php(306): mysqli->query('INSERT INTO `ca...', 0)
#1 C:\wamp64\www\code\system\Database\BaseConnection.php(692): CodeIgniter\Database\MySQLi\Connection->execute('INSERT INTO `ca...')
#2 C:\wamp64\www\code\system\Database\BaseConnection.php(606): CodeIgniter\Database\BaseConnection->simpleQuery('INSERT INTO `ca...')
#3 C:\wamp64\www\code\system\Database\BaseBuilder.php(2308): CodeIgniter\Database\BaseConnection->query('INSERT INTO `ca...', Array, false)
#4 C:\wamp64\www\code\system\Model.php(319): CodeIgniter\Database\BaseBuilder->insert()
#5 C:\wamp64\www\code\system\BaseModel.php(788): CodeIgniter\Model->doInsert(Array)
#6 C:\wamp64\www\code\system\Model.php(715): CodeIgniter\BaseModel->insert(Array, true)
#7 C:\wamp64\www\code\app\Controllers\CartController.php(29): CodeIgniter\Model->insert(Array)
#8 C:\wamp64\www\code\system\CodeIgniter.php(919): App\Controllers\CartController->add()
#9 C:\wamp64\www\code\system\CodeIgniter.php(494): CodeIgniter\CodeIgniter->runController(Object(App\Controllers\CartController))
#10 C:\wamp64\www\code\system\CodeIgniter.php(353): CodeIgniter\CodeIgniter->handleRequest(NULL, Object(Config\Cache), false)
#11 C:\wamp64\www\code\public\index.php(79): CodeIgniter\CodeIgniter->run()
#12 {main}
CRITICAL - 2024-12-29 12:28:42 --> Column 'product_price' cannot be null
in SYSTEMPATH\Database\BaseConnection.php on line 646.
 1 SYSTEMPATH\Database\BaseBuilder.php(2308): CodeIgniter\Database\BaseConnection->query('INSERT INTO `cart` (`ci_session`, `product_id`, `product_name`, `product_price`, `quantity`) VALUES (:ci_session:, :product_id:, :product_name:, :product_price:, :quantity:)', [...], false)
 2 SYSTEMPATH\Model.php(319): CodeIgniter\Database\BaseBuilder->insert()
 3 SYSTEMPATH\BaseModel.php(788): CodeIgniter\Model->doInsert([...])
 4 SYSTEMPATH\Model.php(715): CodeIgniter\BaseModel->insert([...], true)
 5 APPPATH\Controllers\CartController.php(29): CodeIgniter\Model->insert([...])
 6 SYSTEMPATH\CodeIgniter.php(919): App\Controllers\CartController->add()
 7 SYSTEMPATH\CodeIgniter.php(494): CodeIgniter\CodeIgniter->runController(Object(App\Controllers\CartController))
 8 SYSTEMPATH\CodeIgniter.php(353): CodeIgniter\CodeIgniter->handleRequest(null, Object(Config\Cache), false)
 9 FCPATH\index.php(79): CodeIgniter\CodeIgniter->run()
INFO - 2024-12-29 13:15:03 --> CSRF token verified.
INFO - 2024-12-29 13:15:03 --> Session: Class initialized using 'CodeIgniter\Session\Handlers\FileHandler' driver.
ERROR - 2024-12-29 13:15:03 --> mysqli_sql_exception: Column 'product_price' cannot be null in C:\wamp64\www\code\system\Database\MySQLi\Connection.php:306
Stack trace:
#0 C:\wamp64\www\code\system\Database\MySQLi\Connection.php(306): mysqli->query('INSERT INTO `ca...', 0)
#1 C:\wamp64\www\code\system\Database\BaseConnection.php(692): CodeIgniter\Database\MySQLi\Connection->execute('INSERT INTO `ca...')
#2 C:\wamp64\www\code\system\Database\BaseConnection.php(606): CodeIgniter\Database\BaseConnection->simpleQuery('INSERT INTO `ca...')
#3 C:\wamp64\www\code\system\Database\BaseBuilder.php(2308): CodeIgniter\Database\BaseConnection->query('INSERT INTO `ca...', Array, false)
#4 C:\wamp64\www\code\system\Model.php(319): CodeIgniter\Database\BaseBuilder->insert()
#5 C:\wamp64\www\code\system\BaseModel.php(788): CodeIgniter\Model->doInsert(Array)
#6 C:\wamp64\www\code\system\Model.php(715): CodeIgniter\BaseModel->insert(Array, true)
#7 C:\wamp64\www\code\app\Controllers\CartController.php(29): CodeIgniter\Model->insert(Array)
#8 C:\wamp64\www\code\system\CodeIgniter.php(919): App\Controllers\CartController->add()
#9 C:\wamp64\www\code\system\CodeIgniter.php(494): CodeIgniter\CodeIgniter->runController(Object(App\Controllers\CartController))
#10 C:\wamp64\www\code\system\CodeIgniter.php(353): CodeIgniter\CodeIgniter->handleRequest(NULL, Object(Config\Cache), false)
#11 C:\wamp64\www\code\public\index.php(79): CodeIgniter\CodeIgniter->run()
#12 {main}
CRITICAL - 2024-12-29 13:15:03 --> Column 'product_price' cannot be null
in SYSTEMPATH\Database\BaseConnection.php on line 646.
 1 SYSTEMPATH\Database\BaseBuilder.php(2308): CodeIgniter\Database\BaseConnection->query('INSERT INTO `cart` (`ci_session`, `product_id`, `product_name`, `product_price`, `quantity`) VALUES (:ci_session:, :product_id:, :product_name:, :product_price:, :quantity:)', [...], false)
 2 SYSTEMPATH\Model.php(319): CodeIgniter\Database\BaseBuilder->insert()
 3 SYSTEMPATH\BaseModel.php(788): CodeIgniter\Model->doInsert([...])
 4 SYSTEMPATH\Model.php(715): CodeIgniter\BaseModel->insert([...], true)
 5 APPPATH\Controllers\CartController.php(29): CodeIgniter\Model->insert([...])
 6 SYSTEMPATH\CodeIgniter.php(919): App\Controllers\CartController->add()
 7 SYSTEMPATH\CodeIgniter.php(494): CodeIgniter\CodeIgniter->runController(Object(App\Controllers\CartController))
 8 SYSTEMPATH\CodeIgniter.php(353): CodeIgniter\CodeIgniter->handleRequest(null, Object(Config\Cache), false)
 9 FCPATH\index.php(79): CodeIgniter\CodeIgniter->run()
INFO - 2024-12-29 13:21:13 --> CSRF token verified.
INFO - 2024-12-29 13:21:13 --> Session: Class initialized using 'CodeIgniter\Session\Handlers\FileHandler' driver.
ERROR - 2024-12-29 13:21:13 --> mysqli_sql_exception: Column 'product_price' cannot be null in C:\wamp64\www\code\system\Database\MySQLi\Connection.php:306
Stack trace:
#0 C:\wamp64\www\code\system\Database\MySQLi\Connection.php(306): mysqli->query('INSERT INTO `ca...', 0)
#1 C:\wamp64\www\code\system\Database\BaseConnection.php(692): CodeIgniter\Database\MySQLi\Connection->execute('INSERT INTO `ca...')
#2 C:\wamp64\www\code\system\Database\BaseConnection.php(606): CodeIgniter\Database\BaseConnection->simpleQuery('INSERT INTO `ca...')
#3 C:\wamp64\www\code\system\Database\BaseBuilder.php(2308): CodeIgniter\Database\BaseConnection->query('INSERT INTO `ca...', Array, false)
#4 C:\wamp64\www\code\system\Model.php(319): CodeIgniter\Database\BaseBuilder->insert()
#5 C:\wamp64\www\code\system\BaseModel.php(788): CodeIgniter\Model->doInsert(Array)
#6 C:\wamp64\www\code\system\Model.php(715): CodeIgniter\BaseModel->insert(Array, true)
#7 C:\wamp64\www\code\app\Controllers\CartController.php(30): CodeIgniter\Model->insert(Array)
#8 C:\wamp64\www\code\system\CodeIgniter.php(919): App\Controllers\CartController->add()
#9 C:\wamp64\www\code\system\CodeIgniter.php(494): CodeIgniter\CodeIgniter->runController(Object(App\Controllers\CartController))
#10 C:\wamp64\www\code\system\CodeIgniter.php(353): CodeIgniter\CodeIgniter->handleRequest(NULL, Object(Config\Cache), false)
#11 C:\wamp64\www\code\public\index.php(79): CodeIgniter\CodeIgniter->run()
#12 {main}
CRITICAL - 2024-12-29 13:21:13 --> Column 'product_price' cannot be null
in SYSTEMPATH\Database\BaseConnection.php on line 646.
 1 SYSTEMPATH\Database\BaseBuilder.php(2308): CodeIgniter\Database\BaseConnection->query('INSERT INTO `cart` (`ci_session`, `product_id`, `product_name`, `product_price`, `quantity`) VALUES (:ci_session:, :product_id:, :product_name:, :product_price:, :quantity:)', [...], false)
 2 SYSTEMPATH\Model.php(319): CodeIgniter\Database\BaseBuilder->insert()
 3 SYSTEMPATH\BaseModel.php(788): CodeIgniter\Model->doInsert([...])
 4 SYSTEMPATH\Model.php(715): CodeIgniter\BaseModel->insert([...], true)
 5 APPPATH\Controllers\CartController.php(30): CodeIgniter\Model->insert([...])
 6 SYSTEMPATH\CodeIgniter.php(919): App\Controllers\CartController->add()
 7 SYSTEMPATH\CodeIgniter.php(494): CodeIgniter\CodeIgniter->runController(Object(App\Controllers\CartController))
 8 SYSTEMPATH\CodeIgniter.php(353): CodeIgniter\CodeIgniter->handleRequest(null, Object(Config\Cache), false)
 9 FCPATH\index.php(79): CodeIgniter\CodeIgniter->run()
INFO - 2024-12-29 13:22:06 --> CSRF token verified.
INFO - 2024-12-29 13:22:06 --> Session: Class initialized using 'CodeIgniter\Session\Handlers\FileHandler' driver.
ERROR - 2024-12-29 13:22:06 --> mysqli_sql_exception: Column 'product_price' cannot be null in C:\wamp64\www\code\system\Database\MySQLi\Connection.php:306
Stack trace:
#0 C:\wamp64\www\code\system\Database\MySQLi\Connection.php(306): mysqli->query('INSERT INTO `ca...', 0)
#1 C:\wamp64\www\code\system\Database\BaseConnection.php(692): CodeIgniter\Database\MySQLi\Connection->execute('INSERT INTO `ca...')
#2 C:\wamp64\www\code\system\Database\BaseConnection.php(606): CodeIgniter\Database\BaseConnection->simpleQuery('INSERT INTO `ca...')
#3 C:\wamp64\www\code\system\Database\BaseBuilder.php(2308): CodeIgniter\Database\BaseConnection->query('INSERT INTO `ca...', Array, false)
#4 C:\wamp64\www\code\system\Model.php(319): CodeIgniter\Database\BaseBuilder->insert()
#5 C:\wamp64\www\code\system\BaseModel.php(788): CodeIgniter\Model->doInsert(Array)
#6 C:\wamp64\www\code\system\Model.php(715): CodeIgniter\BaseModel->insert(Array, true)
#7 C:\wamp64\www\code\app\Controllers\CartController.php(29): CodeIgniter\Model->insert(Array)
#8 C:\wamp64\www\code\system\CodeIgniter.php(919): App\Controllers\CartController->add()
#9 C:\wamp64\www\code\system\CodeIgniter.php(494): CodeIgniter\CodeIgniter->runController(Object(App\Controllers\CartController))
#10 C:\wamp64\www\code\system\CodeIgniter.php(353): CodeIgniter\CodeIgniter->handleRequest(NULL, Object(Config\Cache), false)
#11 C:\wamp64\www\code\public\index.php(79): CodeIgniter\CodeIgniter->run()
#12 {main}
CRITICAL - 2024-12-29 13:22:06 --> Column 'product_price' cannot be null
in SYSTEMPATH\Database\BaseConnection.php on line 646.
 1 SYSTEMPATH\Database\BaseBuilder.php(2308): CodeIgniter\Database\BaseConnection->query('INSERT INTO `cart` (`ci_session`, `product_id`, `product_name`, `product_price`, `quantity`) VALUES (:ci_session:, :product_id:, :product_name:, :product_price:, :quantity:)', [...], false)
 2 SYSTEMPATH\Model.php(319): CodeIgniter\Database\BaseBuilder->insert()
 3 SYSTEMPATH\BaseModel.php(788): CodeIgniter\Model->doInsert([...])
 4 SYSTEMPATH\Model.php(715): CodeIgniter\BaseModel->insert([...], true)
 5 APPPATH\Controllers\CartController.php(29): CodeIgniter\Model->insert([...])
 6 SYSTEMPATH\CodeIgniter.php(919): App\Controllers\CartController->add()
 7 SYSTEMPATH\CodeIgniter.php(494): CodeIgniter\CodeIgniter->runController(Object(App\Controllers\CartController))
 8 SYSTEMPATH\CodeIgniter.php(353): CodeIgniter\CodeIgniter->handleRequest(null, Object(Config\Cache), false)
 9 FCPATH\index.php(79): CodeIgniter\CodeIgniter->run()
INFO - 2024-12-29 13:22:44 --> CSRF token verified.
INFO - 2024-12-29 13:22:44 --> Session: Class initialized using 'CodeIgniter\Session\Handlers\FileHandler' driver.
INFO - 2024-12-29 13:24:55 --> CSRF token verified.
INFO - 2024-12-29 13:24:55 --> Session: Class initialized using 'CodeIgniter\Session\Handlers\FileHandler' driver.
INFO - 2024-12-29 13:25:05 --> Session: Class initialized using 'CodeIgniter\Session\Handlers\FileHandler' driver.
CRITICAL - 2024-12-29 13:25:06 --> Invalid file: "sayfalar/cart_view.php"
in SYSTEMPATH\Exceptions\FrameworkException.php on line 39.
 1 SYSTEMPATH\View\View.php(214): CodeIgniter\Exceptions\FrameworkException::forInvalidFile('sayfalar/cart_view.php')
 2 SYSTEMPATH\Common.php(1188): CodeIgniter\View\View->render('sayfalar/cart_view', [], true)
 3 APPPATH\Controllers\CartController.php(55): view('sayfalar/cart_view', [...])
 4 SYSTEMPATH\CodeIgniter.php(919): App\Controllers\CartController->view()
 5 SYSTEMPATH\CodeIgniter.php(494): CodeIgniter\CodeIgniter->runController(Object(App\Controllers\CartController))
 6 SYSTEMPATH\CodeIgniter.php(353): CodeIgniter\CodeIgniter->handleRequest(null, Object(Config\Cache), false)
 7 FCPATH\index.php(79): CodeIgniter\CodeIgniter->run()
INFO - 2024-12-29 13:27:26 --> Session: Class initialized using 'CodeIgniter\Session\Handlers\FileHandler' driver.
INFO - 2024-12-29 13:27:26 --> Session: Class initialized using 'CodeIgniter\Session\Handlers\FileHandler' driver.
INFO - 2024-12-29 13:27:32 --> CSRF token verified.
INFO - 2024-12-29 13:27:32 --> Session: Class initialized using 'CodeIgniter\Session\Handlers\FileHandler' driver.
INFO - 2024-12-29 13:27:36 --> Session: Class initialized using 'CodeIgniter\Session\Handlers\FileHandler' driver.
CRITICAL - 2024-12-29 13:27:36 --> Undefined variable: cart_count
in APPPATH\Views\sayfalar\cart_view.php on line 49.
 1 APPPATH\Views\sayfalar\cart_view.php(49): CodeIgniter\Debug\Exceptions->errorHandler(8, 'Undefined variable: cart_count', 'C:\\wamp64\\www\\code\\app\\Views\\sayfalar\\cart_view.php', 49, [...])
 2 SYSTEMPATH\View\View.php(226): include('C:\\wamp64\\www\\code\\app\\Views\\sayfalar\\cart_view.php')
 3 SYSTEMPATH\View\View.php(229): CodeIgniter\View\View->CodeIgniter\View\{closure}()
 4 SYSTEMPATH\Common.php(1188): CodeIgniter\View\View->render('sayfalar/cart_view', [], true)
 5 APPPATH\Controllers\CartController.php(55): view('sayfalar/cart_view', [...])
 6 SYSTEMPATH\CodeIgniter.php(919): App\Controllers\CartController->view()
 7 SYSTEMPATH\CodeIgniter.php(494): CodeIgniter\CodeIgniter->runController(Object(App\Controllers\CartController))
 8 SYSTEMPATH\CodeIgniter.php(353): CodeIgniter\CodeIgniter->handleRequest(null, Object(Config\Cache), false)
 9 FCPATH\index.php(79): CodeIgniter\CodeIgniter->run()
INFO - 2024-12-29 13:28:59 --> Session: Class initialized using 'CodeIgniter\Session\Handlers\FileHandler' driver.
INFO - 2024-12-29 13:29:05 --> CSRF token verified.
INFO - 2024-12-29 13:29:05 --> Session: Class initialized using 'CodeIgniter\Session\Handlers\FileHandler' driver.
INFO - 2024-12-29 13:29:08 --> Session: Class initialized using 'CodeIgniter\Session\Handlers\FileHandler' driver.
CRITICAL - 2024-12-29 13:29:08 --> You must set the database table to be used with your query.
in SYSTEMPATH\Database\BaseConnection.php on line 883.
 1 SYSTEMPATH\Model.php(635): CodeIgniter\Database\BaseConnection->table(null)
 2 SYSTEMPATH\Model.php(863): CodeIgniter\Model->builder()
 3 APPPATH\Controllers\CartController.php(53): CodeIgniter\Model->__call('countCartItems', [...])
 4 SYSTEMPATH\CodeIgniter.php(919): App\Controllers\CartController->view()
 5 SYSTEMPATH\CodeIgniter.php(494): CodeIgniter\CodeIgniter->runController(Object(App\Controllers\CartController))
 6 SYSTEMPATH\CodeIgniter.php(353): CodeIgniter\CodeIgniter->handleRequest(null, Object(Config\Cache), false)
 7 FCPATH\index.php(79): CodeIgniter\CodeIgniter->run()
INFO - 2024-12-29 13:31:36 --> Session: Class initialized using 'CodeIgniter\Session\Handlers\FileHandler' driver.
INFO - 2024-12-29 13:31:37 --> Session: Class initialized using 'CodeIgniter\Session\Handlers\FileHandler' driver.
INFO - 2024-12-29 13:31:41 --> CSRF token verified.
INFO - 2024-12-29 13:31:41 --> Session: Class initialized using 'CodeIgniter\Session\Handlers\FileHandler' driver.
ERROR - 2024-12-29 13:31:41 --> mysqli_sql_exception: Column 'product_price' cannot be null in C:\wamp64\www\code\system\Database\MySQLi\Connection.php:306
Stack trace:
#0 C:\wamp64\www\code\system\Database\MySQLi\Connection.php(306): mysqli->query('INSERT INTO `ca...', 0)
#1 C:\wamp64\www\code\system\Database\BaseConnection.php(692): CodeIgniter\Database\MySQLi\Connection->execute('INSERT INTO `ca...')
#2 C:\wamp64\www\code\system\Database\BaseConnection.php(606): CodeIgniter\Database\BaseConnection->simpleQuery('INSERT INTO `ca...')
#3 C:\wamp64\www\code\system\Database\BaseBuilder.php(2308): CodeIgniter\Database\BaseConnection->query('INSERT INTO `ca...', Array, false)
#4 C:\wamp64\www\code\system\Model.php(319): CodeIgniter\Database\BaseBuilder->insert()
#5 C:\wamp64\www\code\system\BaseModel.php(788): CodeIgniter\Model->doInsert(Array)
#6 C:\wamp64\www\code\system\Model.php(715): CodeIgniter\BaseModel->insert(Array, true)
#7 C:\wamp64\www\code\app\Controllers\CartController.php(29): CodeIgniter\Model->insert(Array)
#8 C:\wamp64\www\code\system\CodeIgniter.php(919): App\Controllers\CartController->add()
#9 C:\wamp64\www\code\system\CodeIgniter.php(494): CodeIgniter\CodeIgniter->runController(Object(App\Controllers\CartController))
#10 C:\wamp64\www\code\system\CodeIgniter.php(353): CodeIgniter\CodeIgniter->handleRequest(NULL, Object(Config\Cache), false)
#11 C:\wamp64\www\code\public\index.php(79): CodeIgniter\CodeIgniter->run()
#12 {main}
CRITICAL - 2024-12-29 13:31:41 --> Column 'product_price' cannot be null
in SYSTEMPATH\Database\BaseConnection.php on line 646.
 1 SYSTEMPATH\Database\BaseBuilder.php(2308): CodeIgniter\Database\BaseConnection->query('INSERT INTO `cart` (`ci_session`, `product_id`, `product_name`, `product_price`, `quantity`) VALUES (:ci_session:, :product_id:, :product_name:, :product_price:, :quantity:)', [...], false)
 2 SYSTEMPATH\Model.php(319): CodeIgniter\Database\BaseBuilder->insert()
 3 SYSTEMPATH\BaseModel.php(788): CodeIgniter\Model->doInsert([...])
 4 SYSTEMPATH\Model.php(715): CodeIgniter\BaseModel->insert([...], true)
 5 APPPATH\Controllers\CartController.php(29): CodeIgniter\Model->insert([...])
 6 SYSTEMPATH\CodeIgniter.php(919): App\Controllers\CartController->add()
 7 SYSTEMPATH\CodeIgniter.php(494): CodeIgniter\CodeIgniter->runController(Object(App\Controllers\CartController))
 8 SYSTEMPATH\CodeIgniter.php(353): CodeIgniter\CodeIgniter->handleRequest(null, Object(Config\Cache), false)
 9 FCPATH\index.php(79): CodeIgniter\CodeIgniter->run()
INFO - 2024-12-29 13:31:44 --> Session: Class initialized using 'CodeIgniter\Session\Handlers\FileHandler' driver.
CRITICAL - 2024-12-29 13:31:45 --> You must set the database table to be used with your query.
in SYSTEMPATH\Database\BaseConnection.php on line 883.
 1 SYSTEMPATH\Model.php(635): CodeIgniter\Database\BaseConnection->table(null)
 2 SYSTEMPATH\Model.php(863): CodeIgniter\Model->builder()
 3 APPPATH\Controllers\CartController.php(40): CodeIgniter\Model->__call('countCartItems', [...])
 4 SYSTEMPATH\CodeIgniter.php(919): App\Controllers\CartController->view()
 5 SYSTEMPATH\CodeIgniter.php(494): CodeIgniter\CodeIgniter->runController(Object(App\Controllers\CartController))
 6 SYSTEMPATH\CodeIgniter.php(353): CodeIgniter\CodeIgniter->handleRequest(null, Object(Config\Cache), false)
 7 FCPATH\index.php(79): CodeIgniter\CodeIgniter->run()
INFO - 2024-12-29 13:31:49 --> Session: Class initialized using 'CodeIgniter\Session\Handlers\FileHandler' driver.
INFO - 2024-12-29 13:31:50 --> Session: Class initialized using 'CodeIgniter\Session\Handlers\FileHandler' driver.
INFO - 2024-12-29 13:32:34 --> Session: Class initialized using 'CodeIgniter\Session\Handlers\FileHandler' driver.
CRITICAL - 2024-12-29 13:32:34 --> You must set the database table to be used with your query.
in SYSTEMPATH\Database\BaseConnection.php on line 883.
 1 SYSTEMPATH\Model.php(635): CodeIgniter\Database\BaseConnection->table(null)
 2 SYSTEMPATH\Model.php(863): CodeIgniter\Model->builder()
 3 APPPATH\Controllers\CartController.php(53): CodeIgniter\Model->__call('countCartItems', [...])
 4 SYSTEMPATH\CodeIgniter.php(919): App\Controllers\CartController->view()
 5 SYSTEMPATH\CodeIgniter.php(494): CodeIgniter\CodeIgniter->runController(Object(App\Controllers\CartController))
 6 SYSTEMPATH\CodeIgniter.php(353): CodeIgniter\CodeIgniter->handleRequest(null, Object(Config\Cache), false)
 7 FCPATH\index.php(79): CodeIgniter\CodeIgniter->run()
INFO - 2024-12-29 13:32:38 --> Session: Class initialized using 'CodeIgniter\Session\Handlers\FileHandler' driver.
INFO - 2024-12-29 13:32:42 --> CSRF token verified.
INFO - 2024-12-29 13:32:42 --> Session: Class initialized using 'CodeIgniter\Session\Handlers\FileHandler' driver.
INFO - 2024-12-29 13:34:55 --> Session: Class initialized using 'CodeIgniter\Session\Handlers\FileHandler' driver.
CRITICAL - 2024-12-29 13:34:55 --> You must set the database table to be used with your query.
in SYSTEMPATH\Database\BaseConnection.php on line 883.
 1 SYSTEMPATH\Model.php(635): CodeIgniter\Database\BaseConnection->table(null)
 2 SYSTEMPATH\Model.php(863): CodeIgniter\Model->builder()
 3 APPPATH\Controllers\CartController.php(53): CodeIgniter\Model->__call('countCartItems', [...])
 4 SYSTEMPATH\CodeIgniter.php(919): App\Controllers\CartController->view()
 5 SYSTEMPATH\CodeIgniter.php(494): CodeIgniter\CodeIgniter->runController(Object(App\Controllers\CartController))
 6 SYSTEMPATH\CodeIgniter.php(353): CodeIgniter\CodeIgniter->handleRequest(null, Object(Config\Cache), false)
 7 FCPATH\index.php(79): CodeIgniter\CodeIgniter->run()
INFO - 2024-12-29 13:48:41 --> Session: Class initialized using 'CodeIgniter\Session\Handlers\FileHandler' driver.
INFO - 2024-12-29 13:48:44 --> Session: Class initialized using 'CodeIgniter\Session\Handlers\FileHandler' driver.
INFO - 2024-12-29 13:48:44 --> Session: Class initialized using 'CodeIgniter\Session\Handlers\FileHandler' driver.
INFO - 2024-12-29 13:48:55 --> CSRF token verified.
INFO - 2024-12-29 13:48:55 --> Session: Class initialized using 'CodeIgniter\Session\Handlers\FileHandler' driver.
ERROR - 2024-12-29 13:48:55 --> mysqli_sql_exception: Column 'product_price' cannot be null in C:\wamp64\www\code\system\Database\MySQLi\Connection.php:306
Stack trace:
#0 C:\wamp64\www\code\system\Database\MySQLi\Connection.php(306): mysqli->query('INSERT INTO `ca...', 0)
#1 C:\wamp64\www\code\system\Database\BaseConnection.php(692): CodeIgniter\Database\MySQLi\Connection->execute('INSERT INTO `ca...')
#2 C:\wamp64\www\code\system\Database\BaseConnection.php(606): CodeIgniter\Database\BaseConnection->simpleQuery('INSERT INTO `ca...')
#3 C:\wamp64\www\code\system\Database\BaseBuilder.php(2308): CodeIgniter\Database\BaseConnection->query('INSERT INTO `ca...', Array, false)
#4 C:\wamp64\www\code\system\Model.php(319): CodeIgniter\Database\BaseBuilder->insert()
#5 C:\wamp64\www\code\system\BaseModel.php(788): CodeIgniter\Model->doInsert(Array)
#6 C:\wamp64\www\code\system\Model.php(715): CodeIgniter\BaseModel->insert(Array, true)
#7 C:\wamp64\www\code\app\Controllers\CartController.php(31): CodeIgniter\Model->insert(Array)
#8 C:\wamp64\www\code\system\CodeIgniter.php(919): App\Controllers\CartController->add()
#9 C:\wamp64\www\code\system\CodeIgniter.php(494): CodeIgniter\CodeIgniter->runController(Object(App\Controllers\CartController))
#10 C:\wamp64\www\code\system\CodeIgniter.php(353): CodeIgniter\CodeIgniter->handleRequest(NULL, Object(Config\Cache), false)
#11 C:\wamp64\www\code\public\index.php(79): CodeIgniter\CodeIgniter->run()
#12 {main}
CRITICAL - 2024-12-29 13:48:55 --> Column 'product_price' cannot be null
in SYSTEMPATH\Database\BaseConnection.php on line 646.
 1 SYSTEMPATH\Database\BaseBuilder.php(2308): CodeIgniter\Database\BaseConnection->query('INSERT INTO `cart_items` (`ci_session`, `product_id`, `product_name`, `product_price`, `quantity`) VALUES (:ci_session:, :product_id:, :product_name:, :product_price:, :quantity:)', [...], false)
 2 SYSTEMPATH\Model.php(319): CodeIgniter\Database\BaseBuilder->insert()
 3 SYSTEMPATH\BaseModel.php(788): CodeIgniter\Model->doInsert([...])
 4 SYSTEMPATH\Model.php(715): CodeIgniter\BaseModel->insert([...], true)
 5 APPPATH\Controllers\CartController.php(31): CodeIgniter\Model->insert([...])
 6 SYSTEMPATH\CodeIgniter.php(919): App\Controllers\CartController->add()
 7 SYSTEMPATH\CodeIgniter.php(494): CodeIgniter\CodeIgniter->runController(Object(App\Controllers\CartController))
 8 SYSTEMPATH\CodeIgniter.php(353): CodeIgniter\CodeIgniter->handleRequest(null, Object(Config\Cache), false)
 9 FCPATH\index.php(79): CodeIgniter\CodeIgniter->run()
INFO - 2024-12-29 13:48:59 --> Session: Class initialized using 'CodeIgniter\Session\Handlers\FileHandler' driver.
CRITICAL - 2024-12-29 13:48:59 --> Undefined variable: cart_count
in APPPATH\Views\sayfalar\cart_view.php on line 49.
 1 APPPATH\Views\sayfalar\cart_view.php(49): CodeIgniter\Debug\Exceptions->errorHandler(8, 'Undefined variable: cart_count', 'C:\\wamp64\\www\\code\\app\\Views\\sayfalar\\cart_view.php', 49, [...])
 2 SYSTEMPATH\View\View.php(226): include('C:\\wamp64\\www\\code\\app\\Views\\sayfalar\\cart_view.php')
 3 SYSTEMPATH\View\View.php(229): CodeIgniter\View\View->CodeIgniter\View\{closure}()
 4 SYSTEMPATH\Common.php(1188): CodeIgniter\View\View->render('sayfalar/cart_view', [], true)
 5 APPPATH\Controllers\CartController.php(47): view('sayfalar/cart_view', [...])
 6 SYSTEMPATH\CodeIgniter.php(919): App\Controllers\CartController->view()
 7 SYSTEMPATH\CodeIgniter.php(494): CodeIgniter\CodeIgniter->runController(Object(App\Controllers\CartController))
 8 SYSTEMPATH\CodeIgniter.php(353): CodeIgniter\CodeIgniter->handleRequest(null, Object(Config\Cache), false)
 9 FCPATH\index.php(79): CodeIgniter\CodeIgniter->run()
INFO - 2024-12-29 13:49:07 --> Session: Class initialized using 'CodeIgniter\Session\Handlers\FileHandler' driver.
CRITICAL - 2024-12-29 13:49:07 --> Undefined variable: cart_count
in APPPATH\Views\sayfalar\cart_view.php on line 49.
 1 APPPATH\Views\sayfalar\cart_view.php(49): CodeIgniter\Debug\Exceptions->errorHandler(8, 'Undefined variable: cart_count', 'C:\\wamp64\\www\\code\\app\\Views\\sayfalar\\cart_view.php', 49, [...])
 2 SYSTEMPATH\View\View.php(226): include('C:\\wamp64\\www\\code\\app\\Views\\sayfalar\\cart_view.php')
 3 SYSTEMPATH\View\View.php(229): CodeIgniter\View\View->CodeIgniter\View\{closure}()
 4 SYSTEMPATH\Common.php(1188): CodeIgniter\View\View->render('sayfalar/cart_view', [], true)
 5 APPPATH\Controllers\CartController.php(47): view('sayfalar/cart_view', [...])
 6 SYSTEMPATH\CodeIgniter.php(919): App\Controllers\CartController->view()
 7 SYSTEMPATH\CodeIgniter.php(494): CodeIgniter\CodeIgniter->runController(Object(App\Controllers\CartController))
 8 SYSTEMPATH\CodeIgniter.php(353): CodeIgniter\CodeIgniter->handleRequest(null, Object(Config\Cache), false)
 9 FCPATH\index.php(79): CodeIgniter\CodeIgniter->run()
INFO - 2024-12-29 13:51:24 --> Session: Class initialized using 'CodeIgniter\Session\Handlers\FileHandler' driver.
CRITICAL - 2024-12-29 13:51:24 --> You must set the database table to be used with your query.
in SYSTEMPATH\Database\BaseConnection.php on line 883.
 1 SYSTEMPATH\Model.php(635): CodeIgniter\Database\BaseConnection->table(null)
 2 SYSTEMPATH\Model.php(863): CodeIgniter\Model->builder()
 3 APPPATH\Controllers\CartController.php(53): CodeIgniter\Model->__call('countCartItems', [...])
 4 SYSTEMPATH\CodeIgniter.php(919): App\Controllers\CartController->view()
 5 SYSTEMPATH\CodeIgniter.php(494): CodeIgniter\CodeIgniter->runController(Object(App\Controllers\CartController))
 6 SYSTEMPATH\CodeIgniter.php(353): CodeIgniter\CodeIgniter->handleRequest(null, Object(Config\Cache), false)
 7 FCPATH\index.php(79): CodeIgniter\CodeIgniter->run()
INFO - 2024-12-29 13:52:00 --> Session: Class initialized using 'CodeIgniter\Session\Handlers\FileHandler' driver.
INFO - 2024-12-29 13:52:00 --> Session: Class initialized using 'CodeIgniter\Session\Handlers\FileHandler' driver.
INFO - 2024-12-29 13:54:41 --> Session: Class initialized using 'CodeIgniter\Session\Handlers\FileHandler' driver.
INFO - 2024-12-29 13:54:57 --> CSRF token verified.
INFO - 2024-12-29 13:54:57 --> Session: Class initialized using 'CodeIgniter\Session\Handlers\FileHandler' driver.
INFO - 2024-12-29 13:55:02 --> Session: Class initialized using 'CodeIgniter\Session\Handlers\FileHandler' driver.
CRITICAL - 2024-12-29 13:55:02 --> You must set the database table to be used with your query.
in SYSTEMPATH\Database\BaseConnection.php on line 883.
 1 SYSTEMPATH\Model.php(635): CodeIgniter\Database\BaseConnection->table(null)
 2 SYSTEMPATH\Model.php(863): CodeIgniter\Model->builder()
 3 APPPATH\Controllers\CartController.php(57): CodeIgniter\Model->__call('where', [...])
 4 SYSTEMPATH\CodeIgniter.php(919): App\Controllers\CartController->view()
 5 SYSTEMPATH\CodeIgniter.php(494): CodeIgniter\CodeIgniter->runController(Object(App\Controllers\CartController))
 6 SYSTEMPATH\CodeIgniter.php(353): CodeIgniter\CodeIgniter->handleRequest(null, Object(Config\Cache), false)
 7 FCPATH\index.php(79): CodeIgniter\CodeIgniter->run()
INFO - 2024-12-29 14:02:30 --> Session: Class initialized using 'CodeIgniter\Session\Handlers\FileHandler' driver.
INFO - 2024-12-29 14:07:31 --> CSRF token verified.
INFO - 2024-12-29 14:07:31 --> Session: Class initialized using 'CodeIgniter\Session\Handlers\FileHandler' driver.
INFO - 2024-12-29 14:07:35 --> Session: Class initialized using 'CodeIgniter\Session\Handlers\FileHandler' driver.
CRITICAL - 2024-12-29 14:07:35 --> You must set the database table to be used with your query.
in SYSTEMPATH\Database\BaseConnection.php on line 883.
 1 SYSTEMPATH\Model.php(635): CodeIgniter\Database\BaseConnection->table(null)
 2 SYSTEMPATH\Model.php(863): CodeIgniter\Model->builder()
 3 APPPATH\Controllers\CartController.php(53): CodeIgniter\Model->__call('countCartItems', [...])
 4 SYSTEMPATH\CodeIgniter.php(919): App\Controllers\CartController->view()
 5 SYSTEMPATH\CodeIgniter.php(494): CodeIgniter\CodeIgniter->runController(Object(App\Controllers\CartController))
 6 SYSTEMPATH\CodeIgniter.php(353): CodeIgniter\CodeIgniter->handleRequest(null, Object(Config\Cache), false)
 7 FCPATH\index.php(79): CodeIgniter\CodeIgniter->run()
INFO - 2024-12-29 14:10:16 --> CSRF token verified.
INFO - 2024-12-29 14:10:17 --> Session: Class initialized using 'CodeIgniter\Session\Handlers\FileHandler' driver.
DEBUG - 2024-12-29 14:10:17 --> POST Data: Array
(
    [ci_session] => gvmchipdq98phrakf0d4ves8rf47f76b
    [product_id] => 675febf976c0b0feef66f307
    [product_name] => Örgü Sepet
    [product_price] => 150
    [quantity] => 1
)

INFO - 2024-12-29 14:10:20 --> Session: Class initialized using 'CodeIgniter\Session\Handlers\FileHandler' driver.
CRITICAL - 2024-12-29 14:10:21 --> Undefined variable: cart
in APPPATH\Views\sayfalar\cart_view.php on line 55.
 1 APPPATH\Views\sayfalar\cart_view.php(55): CodeIgniter\Debug\Exceptions->errorHandler(8, 'Undefined variable: cart', 'C:\\wamp64\\www\\code\\app\\Views\\sayfalar\\cart_view.php', 55, [...])
 2 SYSTEMPATH\View\View.php(226): include('C:\\wamp64\\www\\code\\app\\Views\\sayfalar\\cart_view.php')
 3 SYSTEMPATH\View\View.php(229): CodeIgniter\View\View->CodeIgniter\View\{closure}()
 4 SYSTEMPATH\Common.php(1188): CodeIgniter\View\View->render('sayfalar/cart_view', [], true)
 5 APPPATH\Controllers\CartController.php(41): view('sayfalar/cart_view', [...])
 6 SYSTEMPATH\CodeIgniter.php(919): App\Controllers\CartController->view()
 7 SYSTEMPATH\CodeIgniter.php(494): CodeIgniter\CodeIgniter->runController(Object(App\Controllers\CartController))
 8 SYSTEMPATH\CodeIgniter.php(353): CodeIgniter\CodeIgniter->handleRequest(null, Object(Config\Cache), false)
 9 FCPATH\index.php(79): CodeIgniter\CodeIgniter->run()
INFO - 2024-12-29 14:10:40 --> CSRF token verified.
INFO - 2024-12-29 14:10:40 --> Session: Class initialized using 'CodeIgniter\Session\Handlers\FileHandler' driver.
DEBUG - 2024-12-29 14:10:40 --> POST Data: Array
(
    [ci_session] => gvmchipdq98phrakf0d4ves8rf47f76b
    [product_id] => 675fec0c76c0b0feef66f30a
    [product_name] => Oyuncak Ayi
    [product_price] => 300
    [quantity] => 1
)

CRITICAL - 2024-12-29 14:11:30 --> The action you requested is not allowed.
in SYSTEMPATH\Security\Security.php on line 298.
 1 SYSTEMPATH\Security\Security.php(298): CodeIgniter\Security\Exceptions\SecurityException::forDisallowedAction()
 2 SYSTEMPATH\Filters\CSRF.php(55): CodeIgniter\Security\Security->verify(Object(CodeIgniter\HTTP\IncomingRequest))
 3 SYSTEMPATH\Filters\Filters.php(182): CodeIgniter\Filters\CSRF->before(Object(CodeIgniter\HTTP\IncomingRequest), null)
 4 SYSTEMPATH\CodeIgniter.php(466): CodeIgniter\Filters\Filters->run('cart/add', 'before')
 5 SYSTEMPATH\CodeIgniter.php(353): CodeIgniter\CodeIgniter->handleRequest(null, Object(Config\Cache), false)
 6 FCPATH\index.php(79): CodeIgniter\CodeIgniter->run()
INFO - 2024-12-29 14:11:58 --> CSRF token verified.
INFO - 2024-12-29 14:11:58 --> Session: Class initialized using 'CodeIgniter\Session\Handlers\FileHandler' driver.
DEBUG - 2024-12-29 14:11:58 --> POST Data: Array
(
    [ci_session] => gvmchipdq98phrakf0d4ves8rf47f76b
    [product_id] => 676444185a4bd495799f369e
    [product_name] => Oyuncak Harry Potter 
    [product_price] => 2000
    [quantity] => 1
)

CRITICAL - 2024-12-29 14:14:30 --> The action you requested is not allowed.
in SYSTEMPATH\Security\Security.php on line 298.
 1 SYSTEMPATH\Security\Security.php(298): CodeIgniter\Security\Exceptions\SecurityException::forDisallowedAction()
 2 SYSTEMPATH\Filters\CSRF.php(55): CodeIgniter\Security\Security->verify(Object(CodeIgniter\HTTP\IncomingRequest))
 3 SYSTEMPATH\Filters\Filters.php(182): CodeIgniter\Filters\CSRF->before(Object(CodeIgniter\HTTP\IncomingRequest), null)
 4 SYSTEMPATH\CodeIgniter.php(466): CodeIgniter\Filters\Filters->run('cart/add', 'before')
 5 SYSTEMPATH\CodeIgniter.php(353): CodeIgniter\CodeIgniter->handleRequest(null, Object(Config\Cache), false)
 6 FCPATH\index.php(79): CodeIgniter\CodeIgniter->run()
CRITICAL - 2024-12-29 14:14:34 --> The action you requested is not allowed.
in SYSTEMPATH\Security\Security.php on line 298.
 1 SYSTEMPATH\Security\Security.php(298): CodeIgniter\Security\Exceptions\SecurityException::forDisallowedAction()
 2 SYSTEMPATH\Filters\CSRF.php(55): CodeIgniter\Security\Security->verify(Object(CodeIgniter\HTTP\IncomingRequest))
 3 SYSTEMPATH\Filters\Filters.php(182): CodeIgniter\Filters\CSRF->before(Object(CodeIgniter\HTTP\IncomingRequest), null)
 4 SYSTEMPATH\CodeIgniter.php(466): CodeIgniter\Filters\Filters->run('cart/add', 'before')
 5 SYSTEMPATH\CodeIgniter.php(353): CodeIgniter\CodeIgniter->handleRequest(null, Object(Config\Cache), false)
 6 FCPATH\index.php(79): CodeIgniter\CodeIgniter->run()
INFO - 2024-12-29 14:21:07 --> CSRF token verified.
INFO - 2024-12-29 14:21:07 --> Session: Class initialized using 'CodeIgniter\Session\Handlers\FileHandler' driver.
DEBUG - 2024-12-29 14:21:07 --> POST Data: Array
(
    [ci_session] => gvmchipdq98phrakf0d4ves8rf47f76b
    [product_id] => 675fec7f76c0b0feef66f319
    [product_name] => Kahverengi Uzun Hırka 
    [product_price] => 
    [quantity] => 1
)

ERROR - 2024-12-29 14:21:07 --> mysqli_sql_exception: Column 'product_price' cannot be null in C:\wamp64\www\code\system\Database\MySQLi\Connection.php:306
Stack trace:
#0 C:\wamp64\www\code\system\Database\MySQLi\Connection.php(306): mysqli->query('INSERT INTO `ca...', 0)
#1 C:\wamp64\www\code\system\Database\BaseConnection.php(692): CodeIgniter\Database\MySQLi\Connection->execute('INSERT INTO `ca...')
#2 C:\wamp64\www\code\system\Database\BaseConnection.php(606): CodeIgniter\Database\BaseConnection->simpleQuery('INSERT INTO `ca...')
#3 C:\wamp64\www\code\system\Database\BaseBuilder.php(2308): CodeIgniter\Database\BaseConnection->query('INSERT INTO `ca...', Array, false)
#4 C:\wamp64\www\code\system\Model.php(319): CodeIgniter\Database\BaseBuilder->insert()
#5 C:\wamp64\www\code\system\BaseModel.php(788): CodeIgniter\Model->doInsert(Array)
#6 C:\wamp64\www\code\system\Model.php(715): CodeIgniter\BaseModel->insert(Array, true)
#7 C:\wamp64\www\code\app\Controllers\CartController.php(30): CodeIgniter\Model->insert(Array)
#8 C:\wamp64\www\code\system\CodeIgniter.php(919): App\Controllers\CartController->add()
#9 C:\wamp64\www\code\system\CodeIgniter.php(494): CodeIgniter\CodeIgniter->runController(Object(App\Controllers\CartController))
#10 C:\wamp64\www\code\system\CodeIgniter.php(353): CodeIgniter\CodeIgniter->handleRequest(NULL, Object(Config\Cache), false)
#11 C:\wamp64\www\code\public\index.php(79): CodeIgniter\CodeIgniter->run()
#12 {main}
CRITICAL - 2024-12-29 14:21:07 --> Column 'product_price' cannot be null
in SYSTEMPATH\Database\BaseConnection.php on line 646.
 1 SYSTEMPATH\Database\BaseBuilder.php(2308): CodeIgniter\Database\BaseConnection->query('INSERT INTO `cart` (`ci_session`, `product_id`, `product_name`, `product_price`, `quantity`) VALUES (:ci_session:, :product_id:, :product_name:, :product_price:, :quantity:)', [...], false)
 2 SYSTEMPATH\Model.php(319): CodeIgniter\Database\BaseBuilder->insert()
 3 SYSTEMPATH\BaseModel.php(788): CodeIgniter\Model->doInsert([...])
 4 SYSTEMPATH\Model.php(715): CodeIgniter\BaseModel->insert([...], true)
 5 APPPATH\Controllers\CartController.php(30): CodeIgniter\Model->insert([...])
 6 SYSTEMPATH\CodeIgniter.php(919): App\Controllers\CartController->add()
 7 SYSTEMPATH\CodeIgniter.php(494): CodeIgniter\CodeIgniter->runController(Object(App\Controllers\CartController))
 8 SYSTEMPATH\CodeIgniter.php(353): CodeIgniter\CodeIgniter->handleRequest(null, Object(Config\Cache), false)
 9 FCPATH\index.php(79): CodeIgniter\CodeIgniter->run()
INFO - 2024-12-29 14:22:18 --> CSRF token verified.
INFO - 2024-12-29 14:22:18 --> Session: Class initialized using 'CodeIgniter\Session\Handlers\FileHandler' driver.
DEBUG - 2024-12-29 14:22:18 --> POST Data: Array
(
    [ci_session] => gvmchipdq98phrakf0d4ves8rf47f76b
    [product_id] => 6764434c5a4bd495799f368f
    [product_name] => Ressasm Bere
    [product_price] => 250
    [quantity] => 1
)

CRITICAL - 2024-12-29 14:22:36 --> The action you requested is not allowed.
in SYSTEMPATH\Security\Security.php on line 298.
 1 SYSTEMPATH\Security\Security.php(298): CodeIgniter\Security\Exceptions\SecurityException::forDisallowedAction()
 2 SYSTEMPATH\Filters\CSRF.php(55): CodeIgniter\Security\Security->verify(Object(CodeIgniter\HTTP\IncomingRequest))
 3 SYSTEMPATH\Filters\Filters.php(182): CodeIgniter\Filters\CSRF->before(Object(CodeIgniter\HTTP\IncomingRequest), null)
 4 SYSTEMPATH\CodeIgniter.php(466): CodeIgniter\Filters\Filters->run('cart/add', 'before')
 5 SYSTEMPATH\CodeIgniter.php(353): CodeIgniter\CodeIgniter->handleRequest(null, Object(Config\Cache), false)
 6 FCPATH\index.php(79): CodeIgniter\CodeIgniter->run()
INFO - 2024-12-29 14:23:41 --> Session: Class initialized using 'CodeIgniter\Session\Handlers\FileHandler' driver.
CRITICAL - 2024-12-29 14:23:42 --> Undefined variable: cart
in APPPATH\Views\sayfalar\cart_view.php on line 55.
 1 APPPATH\Views\sayfalar\cart_view.php(55): CodeIgniter\Debug\Exceptions->errorHandler(8, 'Undefined variable: cart', 'C:\\wamp64\\www\\code\\app\\Views\\sayfalar\\cart_view.php', 55, [...])
 2 SYSTEMPATH\View\View.php(226): include('C:\\wamp64\\www\\code\\app\\Views\\sayfalar\\cart_view.php')
 3 SYSTEMPATH\View\View.php(229): CodeIgniter\View\View->CodeIgniter\View\{closure}()
 4 SYSTEMPATH\Common.php(1188): CodeIgniter\View\View->render('sayfalar/cart_view', [], true)
 5 APPPATH\Controllers\CartController.php(41): view('sayfalar/cart_view', [...])
 6 SYSTEMPATH\CodeIgniter.php(919): App\Controllers\CartController->view()
 7 SYSTEMPATH\CodeIgniter.php(494): CodeIgniter\CodeIgniter->runController(Object(App\Controllers\CartController))
 8 SYSTEMPATH\CodeIgniter.php(353): CodeIgniter\CodeIgniter->handleRequest(null, Object(Config\Cache), false)
 9 FCPATH\index.php(79): CodeIgniter\CodeIgniter->run()
INFO - 2024-12-29 14:24:04 --> CSRF token verified.
INFO - 2024-12-29 14:24:04 --> Session: Class initialized using 'CodeIgniter\Session\Handlers\FileHandler' driver.
DEBUG - 2024-12-29 14:24:04 --> POST Data: Array
(
    [ci_session] => rol1vq66lpve8i9pnf15oofup4a1frhk
    [product_id] => 675fec0c76c0b0feef66f30a
    [product_name] => Oyuncak Ayi
    [product_price] => 300
    [quantity] => 2
)

CRITICAL - 2024-12-29 14:24:20 --> The action you requested is not allowed.
in SYSTEMPATH\Security\Security.php on line 298.
 1 SYSTEMPATH\Security\Security.php(298): CodeIgniter\Security\Exceptions\SecurityException::forDisallowedAction()
 2 SYSTEMPATH\Filters\CSRF.php(55): CodeIgniter\Security\Security->verify(Object(CodeIgniter\HTTP\IncomingRequest))
 3 SYSTEMPATH\Filters\Filters.php(182): CodeIgniter\Filters\CSRF->before(Object(CodeIgniter\HTTP\IncomingRequest), null)
 4 SYSTEMPATH\CodeIgniter.php(466): CodeIgniter\Filters\Filters->run('cart/add', 'before')
 5 SYSTEMPATH\CodeIgniter.php(353): CodeIgniter\CodeIgniter->handleRequest(null, Object(Config\Cache), false)
 6 FCPATH\index.php(79): CodeIgniter\CodeIgniter->run()
CRITICAL - 2024-12-29 14:24:29 --> The action you requested is not allowed.
in SYSTEMPATH\Security\Security.php on line 298.
 1 SYSTEMPATH\Security\Security.php(298): CodeIgniter\Security\Exceptions\SecurityException::forDisallowedAction()
 2 SYSTEMPATH\Filters\CSRF.php(55): CodeIgniter\Security\Security->verify(Object(CodeIgniter\HTTP\IncomingRequest))
 3 SYSTEMPATH\Filters\Filters.php(182): CodeIgniter\Filters\CSRF->before(Object(CodeIgniter\HTTP\IncomingRequest), null)
 4 SYSTEMPATH\CodeIgniter.php(466): CodeIgniter\Filters\Filters->run('cart/add', 'before')
 5 SYSTEMPATH\CodeIgniter.php(353): CodeIgniter\CodeIgniter->handleRequest(null, Object(Config\Cache), false)
 6 FCPATH\index.php(79): CodeIgniter\CodeIgniter->run()
INFO - 2024-12-29 14:26:33 --> CSRF token verified.
INFO - 2024-12-29 14:26:34 --> Session: Class initialized using 'CodeIgniter\Session\Handlers\FileHandler' driver.
DEBUG - 2024-12-29 14:26:34 --> POST Data: Array
(
    [ci_session] => rol1vq66lpve8i9pnf15oofup4a1frhk
    [product_id] => 676444185a4bd495799f369e
    [product_name] => Oyuncak Harry Potter 
    [product_price] => 2000
    [quantity] => 1
)

CRITICAL - 2024-12-29 14:26:38 --> The action you requested is not allowed.
in SYSTEMPATH\Security\Security.php on line 298.
 1 SYSTEMPATH\Security\Security.php(298): CodeIgniter\Security\Exceptions\SecurityException::forDisallowedAction()
 2 SYSTEMPATH\Filters\CSRF.php(55): CodeIgniter\Security\Security->verify(Object(CodeIgniter\HTTP\IncomingRequest))
 3 SYSTEMPATH\Filters\Filters.php(182): CodeIgniter\Filters\CSRF->before(Object(CodeIgniter\HTTP\IncomingRequest), null)
 4 SYSTEMPATH\CodeIgniter.php(466): CodeIgniter\Filters\Filters->run('cart/add', 'before')
 5 SYSTEMPATH\CodeIgniter.php(353): CodeIgniter\CodeIgniter->handleRequest(null, Object(Config\Cache), false)
 6 FCPATH\index.php(79): CodeIgniter\CodeIgniter->run()
INFO - 2024-12-29 14:27:59 --> CSRF token verified.
INFO - 2024-12-29 14:27:59 --> Session: Class initialized using 'CodeIgniter\Session\Handlers\FileHandler' driver.
DEBUG - 2024-12-29 14:27:59 --> POST Data: Array
(
    [ci_session] => rol1vq66lpve8i9pnf15oofup4a1frhk
    [product_id] => 676443fa5a4bd495799f369b
    [product_name] => Oyuncak Kurbağa
    [product_price] => 1200
    [quantity] => 1
)

CRITICAL - 2024-12-29 14:28:04 --> The action you requested is not allowed.
in SYSTEMPATH\Security\Security.php on line 298.
 1 SYSTEMPATH\Security\Security.php(298): CodeIgniter\Security\Exceptions\SecurityException::forDisallowedAction()
 2 SYSTEMPATH\Filters\CSRF.php(55): CodeIgniter\Security\Security->verify(Object(CodeIgniter\HTTP\IncomingRequest))
 3 SYSTEMPATH\Filters\Filters.php(182): CodeIgniter\Filters\CSRF->before(Object(CodeIgniter\HTTP\IncomingRequest), null)
 4 SYSTEMPATH\CodeIgniter.php(466): CodeIgniter\Filters\Filters->run('cart/add', 'before')
 5 SYSTEMPATH\CodeIgniter.php(353): CodeIgniter\CodeIgniter->handleRequest(null, Object(Config\Cache), false)
 6 FCPATH\index.php(79): CodeIgniter\CodeIgniter->run()
INFO - 2024-12-29 14:31:01 --> Session: Class initialized using 'CodeIgniter\Session\Handlers\FileHandler' driver.
INFO - 2024-12-29 14:31:02 --> Session: Class initialized using 'CodeIgniter\Session\Handlers\FileHandler' driver.
INFO - 2024-12-29 14:31:04 --> Session: Class initialized using 'CodeIgniter\Session\Handlers\FileHandler' driver.
INFO - 2024-12-29 14:31:04 --> CSRF token verified.
CRITICAL - 2024-12-29 14:31:04 --> Allowed fields must be specified for model: "App\Models\CartModel"
in SYSTEMPATH\Model.php on line 736.
 1 SYSTEMPATH\Model.php(736): CodeIgniter\Database\Exceptions\DataException::forInvalidAllowedFields('App\\Models\\CartModel')
 2 SYSTEMPATH\BaseModel.php(763): CodeIgniter\Model->doProtectFieldsForInsert([...])
 3 SYSTEMPATH\Model.php(715): CodeIgniter\BaseModel->insert([...], true)
 4 APPPATH\Controllers\CartController.php(31): CodeIgniter\Model->insert([...])
 5 SYSTEMPATH\CodeIgniter.php(919): App\Controllers\CartController->add()
 6 SYSTEMPATH\CodeIgniter.php(494): CodeIgniter\CodeIgniter->runController(Object(App\Controllers\CartController))
 7 SYSTEMPATH\CodeIgniter.php(353): CodeIgniter\CodeIgniter->handleRequest(null, Object(Config\Cache), false)
 8 FCPATH\index.php(79): CodeIgniter\CodeIgniter->run()
INFO - 2024-12-29 14:31:09 --> Session: Class initialized using 'CodeIgniter\Session\Handlers\FileHandler' driver.
CRITICAL - 2024-12-29 14:31:09 --> The action you requested is not allowed.
in SYSTEMPATH\Security\Security.php on line 298.
 1 SYSTEMPATH\Security\Security.php(298): CodeIgniter\Security\Exceptions\SecurityException::forDisallowedAction()
 2 SYSTEMPATH\Filters\CSRF.php(55): CodeIgniter\Security\Security->verify(Object(CodeIgniter\HTTP\IncomingRequest))
 3 SYSTEMPATH\Filters\Filters.php(182): CodeIgniter\Filters\CSRF->before(Object(CodeIgniter\HTTP\IncomingRequest), null)
 4 SYSTEMPATH\CodeIgniter.php(466): CodeIgniter\Filters\Filters->run('cart/add', 'before')
 5 SYSTEMPATH\CodeIgniter.php(353): CodeIgniter\CodeIgniter->handleRequest(null, Object(Config\Cache), false)
 6 FCPATH\index.php(79): CodeIgniter\CodeIgniter->run()
INFO - 2024-12-29 14:31:44 --> CSRF token verified.
INFO - 2024-12-29 14:31:44 --> Session: Class initialized using 'CodeIgniter\Session\Handlers\FileHandler' driver.
DEBUG - 2024-12-29 14:31:44 --> POST Data: Array
(
    [ci_session] => rol1vq66lpve8i9pnf15oofup4a1frhk
    [product_id] => 676444a15a4bd495799f36a7
    [product_name] => Örgü 3 parça bebek seti
    [product_price] => 2000
    [quantity] => 1
)

INFO - 2024-12-29 14:32:29 --> Session: Class initialized using 'CodeIgniter\Session\Handlers\FileHandler' driver.
CRITICAL - 2024-12-29 14:32:30 --> Undefined variable: cart
in APPPATH\Views\sayfalar\cart_view.php on line 55.
 1 APPPATH\Views\sayfalar\cart_view.php(55): CodeIgniter\Debug\Exceptions->errorHandler(8, 'Undefined variable: cart', 'C:\\wamp64\\www\\code\\app\\Views\\sayfalar\\cart_view.php', 55, [...])
 2 SYSTEMPATH\View\View.php(226): include('C:\\wamp64\\www\\code\\app\\Views\\sayfalar\\cart_view.php')
 3 SYSTEMPATH\View\View.php(229): CodeIgniter\View\View->CodeIgniter\View\{closure}()
 4 SYSTEMPATH\Common.php(1188): CodeIgniter\View\View->render('sayfalar/cart_view', [], true)
 5 APPPATH\Controllers\CartController.php(41): view('sayfalar/cart_view', [...])
 6 SYSTEMPATH\CodeIgniter.php(919): App\Controllers\CartController->view()
 7 SYSTEMPATH\CodeIgniter.php(494): CodeIgniter\CodeIgniter->runController(Object(App\Controllers\CartController))
 8 SYSTEMPATH\CodeIgniter.php(353): CodeIgniter\CodeIgniter->handleRequest(null, Object(Config\Cache), false)
 9 FCPATH\index.php(79): CodeIgniter\CodeIgniter->run()
INFO - 2024-12-29 14:37:41 --> Session: Class initialized using 'CodeIgniter\Session\Handlers\FileHandler' driver.
CRITICAL - 2024-12-29 14:37:41 --> Undefined index: quantity
in APPPATH\Views\sayfalar\cart_view.php on line 23.
 1 APPPATH\Views\sayfalar\cart_view.php(23): CodeIgniter\Debug\Exceptions->errorHandler(8, 'Undefined index: quantity', 'C:\\wamp64\\www\\code\\app\\Views\\sayfalar\\cart_view.php', 23, [...])
 2 SYSTEMPATH\View\View.php(226): include('C:\\wamp64\\www\\code\\app\\Views\\sayfalar\\cart_view.php')
 3 SYSTEMPATH\View\View.php(229): CodeIgniter\View\View->CodeIgniter\View\{closure}()
 4 SYSTEMPATH\Common.php(1188): CodeIgniter\View\View->render('sayfalar/cart_view', [], true)
 5 APPPATH\Controllers\CartController.php(42): view('sayfalar/cart_view', [...])
 6 SYSTEMPATH\CodeIgniter.php(919): App\Controllers\CartController->view()
 7 SYSTEMPATH\CodeIgniter.php(494): CodeIgniter\CodeIgniter->runController(Object(App\Controllers\CartController))
 8 SYSTEMPATH\CodeIgniter.php(353): CodeIgniter\CodeIgniter->handleRequest(null, Object(Config\Cache), false)
 9 FCPATH\index.php(79): CodeIgniter\CodeIgniter->run()
INFO - 2024-12-29 14:37:48 --> Session: Class initialized using 'CodeIgniter\Session\Handlers\FileHandler' driver.
INFO - 2024-12-29 14:37:48 --> Session: Class initialized using 'CodeIgniter\Session\Handlers\FileHandler' driver.
INFO - 2024-12-29 14:37:53 --> CSRF token verified.
INFO - 2024-12-29 14:37:53 --> Session: Class initialized using 'CodeIgniter\Session\Handlers\FileHandler' driver.
CRITICAL - 2024-12-29 14:37:53 --> Allowed fields must be specified for model: "App\Models\CartModel"
in SYSTEMPATH\Model.php on line 736.
 1 SYSTEMPATH\Model.php(736): CodeIgniter\Database\Exceptions\DataException::forInvalidAllowedFields('App\\Models\\CartModel')
 2 SYSTEMPATH\BaseModel.php(763): CodeIgniter\Model->doProtectFieldsForInsert([...])
 3 SYSTEMPATH\Model.php(715): CodeIgniter\BaseModel->insert([...], true)
 4 APPPATH\Controllers\CartController.php(31): CodeIgniter\Model->insert([...])
 5 SYSTEMPATH\CodeIgniter.php(919): App\Controllers\CartController->add()
 6 SYSTEMPATH\CodeIgniter.php(494): CodeIgniter\CodeIgniter->runController(Object(App\Controllers\CartController))
 7 SYSTEMPATH\CodeIgniter.php(353): CodeIgniter\CodeIgniter->handleRequest(null, Object(Config\Cache), false)
 8 FCPATH\index.php(79): CodeIgniter\CodeIgniter->run()
CRITICAL - 2024-12-29 14:37:57 --> The action you requested is not allowed.
in SYSTEMPATH\Security\Security.php on line 298.
 1 SYSTEMPATH\Security\Security.php(298): CodeIgniter\Security\Exceptions\SecurityException::forDisallowedAction()
 2 SYSTEMPATH\Filters\CSRF.php(55): CodeIgniter\Security\Security->verify(Object(CodeIgniter\HTTP\IncomingRequest))
 3 SYSTEMPATH\Filters\Filters.php(182): CodeIgniter\Filters\CSRF->before(Object(CodeIgniter\HTTP\IncomingRequest), null)
 4 SYSTEMPATH\CodeIgniter.php(466): CodeIgniter\Filters\Filters->run('cart/add', 'before')
 5 SYSTEMPATH\CodeIgniter.php(353): CodeIgniter\CodeIgniter->handleRequest(null, Object(Config\Cache), false)
 6 FCPATH\index.php(79): CodeIgniter\CodeIgniter->run()
INFO - 2024-12-29 14:38:46 --> CSRF token verified.
INFO - 2024-12-29 14:38:46 --> Session: Class initialized using 'CodeIgniter\Session\Handlers\FileHandler' driver.
DEBUG - 2024-12-29 14:38:46 --> POST Data: Array
(
    [ci_session] => t9d6hi5v8thpk0hmql25oqjm05lb56t2
    [product_id] => 675fec0c76c0b0feef66f30a
    [product_name] => Oyuncak Ayi
    [product_price] => 300
    [quantity] => 1
)

INFO - 2024-12-29 14:38:49 --> Session: Class initialized using 'CodeIgniter\Session\Handlers\FileHandler' driver.
INFO - 2024-12-29 14:42:58 --> Session: Class initialized using 'CodeIgniter\Session\Handlers\FileHandler' driver.
CRITICAL - 2024-12-29 14:42:58 --> Invalid file: "cart_view.php"
in SYSTEMPATH\Exceptions\FrameworkException.php on line 39.
 1 SYSTEMPATH\View\View.php(214): CodeIgniter\Exceptions\FrameworkException::forInvalidFile('cart_view.php')
 2 SYSTEMPATH\Common.php(1188): CodeIgniter\View\View->render('cart_view', [], true)
 3 APPPATH\Controllers\CartController.php(46): view('cart_view', [...])
 4 SYSTEMPATH\CodeIgniter.php(919): App\Controllers\CartController->view()
 5 SYSTEMPATH\CodeIgniter.php(494): CodeIgniter\CodeIgniter->runController(Object(App\Controllers\CartController))
 6 SYSTEMPATH\CodeIgniter.php(353): CodeIgniter\CodeIgniter->handleRequest(null, Object(Config\Cache), false)
 7 FCPATH\index.php(79): CodeIgniter\CodeIgniter->run()
INFO - 2024-12-29 14:43:07 --> CSRF token verified.
INFO - 2024-12-29 14:43:07 --> Session: Class initialized using 'CodeIgniter\Session\Handlers\FileHandler' driver.
DEBUG - 2024-12-29 14:43:07 --> POST Data: Array
(
    [ci_session] => tfmtlcfbnaucgn8475fgcvdsg1o5tl89
    [product_id] => 675febf976c0b0feef66f307
    [product_name] => Örgü Sepet
    [product_price] => 150
    [quantity] => 1
)

INFO - 2024-12-29 14:43:11 --> Session: Class initialized using 'CodeIgniter\Session\Handlers\FileHandler' driver.
CRITICAL - 2024-12-29 14:43:11 --> Invalid file: "cart_view.php"
in SYSTEMPATH\Exceptions\FrameworkException.php on line 39.
 1 SYSTEMPATH\View\View.php(214): CodeIgniter\Exceptions\FrameworkException::forInvalidFile('cart_view.php')
 2 SYSTEMPATH\Common.php(1188): CodeIgniter\View\View->render('cart_view', [], true)
 3 APPPATH\Controllers\CartController.php(46): view('cart_view', [...])
 4 SYSTEMPATH\CodeIgniter.php(919): App\Controllers\CartController->view()
 5 SYSTEMPATH\CodeIgniter.php(494): CodeIgniter\CodeIgniter->runController(Object(App\Controllers\CartController))
 6 SYSTEMPATH\CodeIgniter.php(353): CodeIgniter\CodeIgniter->handleRequest(null, Object(Config\Cache), false)
 7 FCPATH\index.php(79): CodeIgniter\CodeIgniter->run()
INFO - 2024-12-29 14:44:50 --> Session: Class initialized using 'CodeIgniter\Session\Handlers\FileHandler' driver.
CRITICAL - 2024-12-29 14:44:50 --> Invalid file: "cart_view.php"
in SYSTEMPATH\Exceptions\FrameworkException.php on line 39.
 1 SYSTEMPATH\View\View.php(214): CodeIgniter\Exceptions\FrameworkException::forInvalidFile('cart_view.php')
 2 SYSTEMPATH\Common.php(1188): CodeIgniter\View\View->render('cart_view', [], true)
 3 APPPATH\Controllers\CartController.php(46): view('cart_view', [...])
 4 SYSTEMPATH\CodeIgniter.php(919): App\Controllers\CartController->view()
 5 SYSTEMPATH\CodeIgniter.php(494): CodeIgniter\CodeIgniter->runController(Object(App\Controllers\CartController))
 6 SYSTEMPATH\CodeIgniter.php(353): CodeIgniter\CodeIgniter->handleRequest(null, Object(Config\Cache), false)
 7 FCPATH\index.php(79): CodeIgniter\CodeIgniter->run()
INFO - 2024-12-29 14:44:51 --> Session: Class initialized using 'CodeIgniter\Session\Handlers\FileHandler' driver.
CRITICAL - 2024-12-29 14:44:51 --> Invalid file: "cart_view.php"
in SYSTEMPATH\Exceptions\FrameworkException.php on line 39.
 1 SYSTEMPATH\View\View.php(214): CodeIgniter\Exceptions\FrameworkException::forInvalidFile('cart_view.php')
 2 SYSTEMPATH\Common.php(1188): CodeIgniter\View\View->render('cart_view', [], true)
 3 APPPATH\Controllers\CartController.php(46): view('cart_view', [...])
 4 SYSTEMPATH\CodeIgniter.php(919): App\Controllers\CartController->view()
 5 SYSTEMPATH\CodeIgniter.php(494): CodeIgniter\CodeIgniter->runController(Object(App\Controllers\CartController))
 6 SYSTEMPATH\CodeIgniter.php(353): CodeIgniter\CodeIgniter->handleRequest(null, Object(Config\Cache), false)
 7 FCPATH\index.php(79): CodeIgniter\CodeIgniter->run()
INFO - 2024-12-29 14:44:51 --> Session: Class initialized using 'CodeIgniter\Session\Handlers\FileHandler' driver.
CRITICAL - 2024-12-29 14:44:51 --> Invalid file: "cart_view.php"
in SYSTEMPATH\Exceptions\FrameworkException.php on line 39.
 1 SYSTEMPATH\View\View.php(214): CodeIgniter\Exceptions\FrameworkException::forInvalidFile('cart_view.php')
 2 SYSTEMPATH\Common.php(1188): CodeIgniter\View\View->render('cart_view', [], true)
 3 APPPATH\Controllers\CartController.php(46): view('cart_view', [...])
 4 SYSTEMPATH\CodeIgniter.php(919): App\Controllers\CartController->view()
 5 SYSTEMPATH\CodeIgniter.php(494): CodeIgniter\CodeIgniter->runController(Object(App\Controllers\CartController))
 6 SYSTEMPATH\CodeIgniter.php(353): CodeIgniter\CodeIgniter->handleRequest(null, Object(Config\Cache), false)
 7 FCPATH\index.php(79): CodeIgniter\CodeIgniter->run()
INFO - 2024-12-29 14:44:51 --> Session: Class initialized using 'CodeIgniter\Session\Handlers\FileHandler' driver.
CRITICAL - 2024-12-29 14:44:52 --> Invalid file: "cart_view.php"
in SYSTEMPATH\Exceptions\FrameworkException.php on line 39.
 1 SYSTEMPATH\View\View.php(214): CodeIgniter\Exceptions\FrameworkException::forInvalidFile('cart_view.php')
 2 SYSTEMPATH\Common.php(1188): CodeIgniter\View\View->render('cart_view', [], true)
 3 APPPATH\Controllers\CartController.php(46): view('cart_view', [...])
 4 SYSTEMPATH\CodeIgniter.php(919): App\Controllers\CartController->view()
 5 SYSTEMPATH\CodeIgniter.php(494): CodeIgniter\CodeIgniter->runController(Object(App\Controllers\CartController))
 6 SYSTEMPATH\CodeIgniter.php(353): CodeIgniter\CodeIgniter->handleRequest(null, Object(Config\Cache), false)
 7 FCPATH\index.php(79): CodeIgniter\CodeIgniter->run()
INFO - 2024-12-29 14:45:07 --> Session: Class initialized using 'CodeIgniter\Session\Handlers\FileHandler' driver.
INFO - 2024-12-29 14:45:12 --> Session: Class initialized using 'CodeIgniter\Session\Handlers\FileHandler' driver.
INFO - 2024-12-29 14:45:18 --> CSRF token verified.
INFO - 2024-12-29 14:45:18 --> Session: Class initialized using 'CodeIgniter\Session\Handlers\FileHandler' driver.
DEBUG - 2024-12-29 14:45:18 --> POST Data: Array
(
    [ci_session] => tfmtlcfbnaucgn8475fgcvdsg1o5tl89
    [product_id] => 675febf976c0b0feef66f307
    [product_name] => Örgü Sepet
    [product_price] => 150
    [quantity] => 1
)

INFO - 2024-12-29 14:45:22 --> Session: Class initialized using 'CodeIgniter\Session\Handlers\FileHandler' driver.
INFO - 2024-12-29 14:49:07 --> Session: Class initialized using 'CodeIgniter\Session\Handlers\FileHandler' driver.
INFO - 2024-12-29 14:50:49 --> Session: Class initialized using 'CodeIgniter\Session\Handlers\FileHandler' driver.
INFO - 2024-12-29 14:53:47 --> CSRF token verified.
INFO - 2024-12-29 14:53:47 --> Session: Class initialized using 'CodeIgniter\Session\Handlers\FileHandler' driver.
DEBUG - 2024-12-29 14:53:47 --> POST Data: Array
(
    [ci_session] => 65s8orh84a0n144bmhc1ml95kd808el2
    [product_id] => 675febf976c0b0feef66f307
    [product_name] => Örgü Sepet
    [product_price] => 150
    [quantity] => 1
)

INFO - 2024-12-29 14:53:51 --> Session: Class initialized using 'CodeIgniter\Session\Handlers\FileHandler' driver.
DEBUG - 2024-12-29 14:53:51 --> Cart Items: Array
(
)

INFO - 2024-12-29 14:53:53 --> Session: Class initialized using 'CodeIgniter\Session\Handlers\FileHandler' driver.
DEBUG - 2024-12-29 14:53:53 --> Cart Items: Array
(
)

INFO - 2024-12-29 14:54:41 --> Session: Class initialized using 'CodeIgniter\Session\Handlers\FileHandler' driver.
DEBUG - 2024-12-29 14:54:41 --> Cart Items: Array
(
)

INFO - 2024-12-29 14:55:25 --> CSRF token verified.
INFO - 2024-12-29 14:55:25 --> Session: Class initialized using 'CodeIgniter\Session\Handlers\FileHandler' driver.
DEBUG - 2024-12-29 14:55:25 --> POST Data: Array
(
    [ci_session] => 79l7slesrl4soepgmci0o3c0tv3iu11h
    [product_id] => 676444185a4bd495799f369e
    [product_name] => Oyuncak Harry Potter 
    [product_price] => 2000
    [quantity] => 1
)

INFO - 2024-12-29 14:55:29 --> Session: Class initialized using 'CodeIgniter\Session\Handlers\FileHandler' driver.
INFO - 2024-12-29 14:55:31 --> Session: Class initialized using 'CodeIgniter\Session\Handlers\FileHandler' driver.
INFO - 2024-12-29 15:05:02 --> Session: Class initialized using 'CodeIgniter\Session\Handlers\FileHandler' driver.
INFO - 2024-12-29 15:05:06 --> CSRF token verified.
INFO - 2024-12-29 15:05:06 --> Session: Class initialized using 'CodeIgniter\Session\Handlers\FileHandler' driver.
DEBUG - 2024-12-29 15:05:06 --> Session ID: t0bj2o9ccghjcli2piruf4e7jpkgqisq
INFO - 2024-12-29 15:05:10 --> Session: Class initialized using 'CodeIgniter\Session\Handlers\FileHandler' driver.
CRITICAL - 2024-12-29 15:05:10 --> Undefined property: CodeIgniter\View\View::$cartModel
in APPPATH\Views\sayfalar\cart_view.php on line 40.
 1 APPPATH\Views\sayfalar\cart_view.php(40): CodeIgniter\Debug\Exceptions->errorHandler(8, 'Undefined property: CodeIgniter\\View\\View::$cartModel', 'C:\\wamp64\\www\\code\\app\\Views\\sayfalar\\cart_view.php', 40, [...])
 2 SYSTEMPATH\View\View.php(226): include('C:\\wamp64\\www\\code\\app\\Views\\sayfalar\\cart_view.php')
 3 SYSTEMPATH\View\View.php(229): CodeIgniter\View\View->CodeIgniter\View\{closure}()
 4 SYSTEMPATH\Common.php(1188): CodeIgniter\View\View->render('sayfalar/cart_view', [], true)
 5 APPPATH\Controllers\CartController.php(46): view('sayfalar/cart_view', [...])
 6 SYSTEMPATH\CodeIgniter.php(919): App\Controllers\CartController->view()
 7 SYSTEMPATH\CodeIgniter.php(494): CodeIgniter\CodeIgniter->runController(Object(App\Controllers\CartController))
 8 SYSTEMPATH\CodeIgniter.php(353): CodeIgniter\CodeIgniter->handleRequest(null, Object(Config\Cache), false)
 9 FCPATH\index.php(79): CodeIgniter\CodeIgniter->run()
INFO - 2024-12-29 15:05:44 --> CSRF token verified.
INFO - 2024-12-29 15:05:44 --> Session: Class initialized using 'CodeIgniter\Session\Handlers\FileHandler' driver.
DEBUG - 2024-12-29 15:05:44 --> POST Data: Array
(
    [ci_session] => t0bj2o9ccghjcli2piruf4e7jpkgqisq
    [product_id] => 675febf976c0b0feef66f307
    [product_name] => Örgü Sepet
    [product_price] => 150
    [quantity] => 1
)

INFO - 2024-12-29 15:05:56 --> Session: Class initialized using 'CodeIgniter\Session\Handlers\FileHandler' driver.
INFO - 2024-12-29 15:19:19 --> CSRF token verified.
INFO - 2024-12-29 15:19:19 --> Session: Class initialized using 'CodeIgniter\Session\Handlers\FileHandler' driver.
DEBUG - 2024-12-29 15:19:19 --> POST Data: Array
(
    [ci_session] => fgq8lic5n0u9ulm062sm83k9ua1mr5ae
    [product_id] => 675ff2220ceedf4409e6dc2a
    [product_name] => Kahverengi Hırka
    [product_price] => 200
    [quantity] => 1
)

INFO - 2024-12-29 15:19:23 --> Session: Class initialized using 'CodeIgniter\Session\Handlers\FileHandler' driver.
CRITICAL - 2024-12-29 15:32:09 --> include(Database.php): failed to open stream: No such file or directory
in APPPATH\Views\tema\footer.php on line 70.
 1 APPPATH\Views\tema\footer.php(70): CodeIgniter\Debug\Exceptions->errorHandler(2, 'include(Database.php): failed to open stream: No such file or directory', 'C:\\wamp64\\www\\code\\app\\Views\\tema\\footer.php', 70, [...])
 2 APPPATH\Views\tema\footer.php(70): include()
 3 SYSTEMPATH\View\View.php(226): include('C:\\wamp64\\www\\code\\app\\Views\\tema\\footer.php')
 4 SYSTEMPATH\View\View.php(229): CodeIgniter\View\View->CodeIgniter\View\{closure}()
 5 SYSTEMPATH\Common.php(1188): CodeIgniter\View\View->render('tema/footer', [], true)
 6 APPPATH\Controllers\Anasayfa.php(195): view('tema/footer')
 7 SYSTEMPATH\CodeIgniter.php(919): App\Controllers\Anasayfa->urunlerimiz()
 8 SYSTEMPATH\CodeIgniter.php(494): CodeIgniter\CodeIgniter->runController(Object(App\Controllers\Anasayfa))
 9 SYSTEMPATH\CodeIgniter.php(353): CodeIgniter\CodeIgniter->handleRequest(null, Object(Config\Cache), false)
10 FCPATH\index.php(79): CodeIgniter\CodeIgniter->run()
CRITICAL - 2024-12-29 15:33:28 --> include(Database.php): failed to open stream: No such file or directory
in APPPATH\Views\tema\footer.php on line 70.
 1 APPPATH\Views\tema\footer.php(70): CodeIgniter\Debug\Exceptions->errorHandler(2, 'include(Database.php): failed to open stream: No such file or directory', 'C:\\wamp64\\www\\code\\app\\Views\\tema\\footer.php', 70, [...])
 2 APPPATH\Views\tema\footer.php(70): include()
 3 SYSTEMPATH\View\View.php(226): include('C:\\wamp64\\www\\code\\app\\Views\\tema\\footer.php')
 4 SYSTEMPATH\View\View.php(229): CodeIgniter\View\View->CodeIgniter\View\{closure}()
 5 SYSTEMPATH\Common.php(1188): CodeIgniter\View\View->render('tema/footer', [], true)
 6 APPPATH\Controllers\Anasayfa.php(195): view('tema/footer')
 7 SYSTEMPATH\CodeIgniter.php(919): App\Controllers\Anasayfa->urunlerimiz()
 8 SYSTEMPATH\CodeIgniter.php(494): CodeIgniter\CodeIgniter->runController(Object(App\Controllers\Anasayfa))
 9 SYSTEMPATH\CodeIgniter.php(353): CodeIgniter\CodeIgniter->handleRequest(null, Object(Config\Cache), false)
10 FCPATH\index.php(79): CodeIgniter\CodeIgniter->run()
CRITICAL - 2024-12-29 15:33:31 --> include(Database.php): failed to open stream: No such file or directory
in APPPATH\Views\tema\footer.php on line 70.
 1 APPPATH\Views\tema\footer.php(70): CodeIgniter\Debug\Exceptions->errorHandler(2, 'include(Database.php): failed to open stream: No such file or directory', 'C:\\wamp64\\www\\code\\app\\Views\\tema\\footer.php', 70, [...])
 2 APPPATH\Views\tema\footer.php(70): include()
 3 SYSTEMPATH\View\View.php(226): include('C:\\wamp64\\www\\code\\app\\Views\\tema\\footer.php')
 4 SYSTEMPATH\View\View.php(229): CodeIgniter\View\View->CodeIgniter\View\{closure}()
 5 SYSTEMPATH\Common.php(1188): CodeIgniter\View\View->render('tema/footer', [], true)
 6 APPPATH\Controllers\Anasayfa.php(195): view('tema/footer')
 7 SYSTEMPATH\CodeIgniter.php(919): App\Controllers\Anasayfa->urunlerimiz()
 8 SYSTEMPATH\CodeIgniter.php(494): CodeIgniter\CodeIgniter->runController(Object(App\Controllers\Anasayfa))
 9 SYSTEMPATH\CodeIgniter.php(353): CodeIgniter\CodeIgniter->handleRequest(null, Object(Config\Cache), false)
10 FCPATH\index.php(79): CodeIgniter\CodeIgniter->run()
CRITICAL - 2024-12-29 15:33:33 --> include(Database.php): failed to open stream: No such file or directory
in APPPATH\Views\tema\footer.php on line 70.
 1 APPPATH\Views\tema\footer.php(70): CodeIgniter\Debug\Exceptions->errorHandler(2, 'include(Database.php): failed to open stream: No such file or directory', 'C:\\wamp64\\www\\code\\app\\Views\\tema\\footer.php', 70, [])
 2 APPPATH\Views\tema\footer.php(70): include()
 3 SYSTEMPATH\View\View.php(226): include('C:\\wamp64\\www\\code\\app\\Views\\tema\\footer.php')
 4 SYSTEMPATH\View\View.php(229): CodeIgniter\View\View->CodeIgniter\View\{closure}()
 5 SYSTEMPATH\Common.php(1188): CodeIgniter\View\View->render('tema/footer', [], true)
 6 APPPATH\Controllers\Anasayfa.php(140): view('tema/footer')
 7 SYSTEMPATH\CodeIgniter.php(919): App\Controllers\Anasayfa->anasayfa()
 8 SYSTEMPATH\CodeIgniter.php(494): CodeIgniter\CodeIgniter->runController(Object(App\Controllers\Anasayfa))
 9 SYSTEMPATH\CodeIgniter.php(353): CodeIgniter\CodeIgniter->handleRequest(null, Object(Config\Cache), false)
10 FCPATH\index.php(79): CodeIgniter\CodeIgniter->run()
INFO - 2024-12-29 15:33:52 --> Session: Class initialized using 'CodeIgniter\Session\Handlers\FileHandler' driver.
INFO - 2024-12-29 15:33:52 --> Session: Class initialized using 'CodeIgniter\Session\Handlers\FileHandler' driver.
CRITICAL - 2024-12-29 15:33:52 --> include(baglanti.php): failed to open stream: No such file or directory
in APPPATH\Views\tema\footer.php on line 70.
 1 APPPATH\Views\tema\footer.php(70): CodeIgniter\Debug\Exceptions->errorHandler(2, 'include(baglanti.php): failed to open stream: No such file or directory', 'C:\\wamp64\\www\\code\\app\\Views\\tema\\footer.php', 70, [])
 2 APPPATH\Views\tema\footer.php(70): include()
 3 SYSTEMPATH\View\View.php(226): include('C:\\wamp64\\www\\code\\app\\Views\\tema\\footer.php')
 4 SYSTEMPATH\View\View.php(229): CodeIgniter\View\View->CodeIgniter\View\{closure}()
 5 SYSTEMPATH\Common.php(1188): CodeIgniter\View\View->render('tema/footer', [], true)
 6 APPPATH\Controllers\Anasayfa.php(37): view('tema/footer')
 7 SYSTEMPATH\CodeIgniter.php(919): App\Controllers\Anasayfa->login()
 8 SYSTEMPATH\CodeIgniter.php(494): CodeIgniter\CodeIgniter->runController(Object(App\Controllers\Anasayfa))
 9 SYSTEMPATH\CodeIgniter.php(353): CodeIgniter\CodeIgniter->handleRequest(null, Object(Config\Cache), false)
10 FCPATH\index.php(79): CodeIgniter\CodeIgniter->run()
INFO - 2024-12-29 15:34:01 --> Session: Class initialized using 'CodeIgniter\Session\Handlers\FileHandler' driver.
INFO - 2024-12-29 15:34:01 --> Session: Class initialized using 'CodeIgniter\Session\Handlers\FileHandler' driver.
CRITICAL - 2024-12-29 15:34:01 --> include(baglanti.php): failed to open stream: No such file or directory
in APPPATH\Views\tema\footer.php on line 70.
 1 APPPATH\Views\tema\footer.php(70): CodeIgniter\Debug\Exceptions->errorHandler(2, 'include(baglanti.php): failed to open stream: No such file or directory', 'C:\\wamp64\\www\\code\\app\\Views\\tema\\footer.php', 70, [])
 2 APPPATH\Views\tema\footer.php(70): include()
 3 SYSTEMPATH\View\View.php(226): include('C:\\wamp64\\www\\code\\app\\Views\\tema\\footer.php')
 4 SYSTEMPATH\View\View.php(229): CodeIgniter\View\View->CodeIgniter\View\{closure}()
 5 SYSTEMPATH\Common.php(1188): CodeIgniter\View\View->render('tema/footer', [], true)
 6 APPPATH\Controllers\Anasayfa.php(37): view('tema/footer')
 7 SYSTEMPATH\CodeIgniter.php(919): App\Controllers\Anasayfa->login()
 8 SYSTEMPATH\CodeIgniter.php(494): CodeIgniter\CodeIgniter->runController(Object(App\Controllers\Anasayfa))
 9 SYSTEMPATH\CodeIgniter.php(353): CodeIgniter\CodeIgniter->handleRequest(null, Object(Config\Cache), false)
10 FCPATH\index.php(79): CodeIgniter\CodeIgniter->run()
INFO - 2024-12-29 15:34:39 --> Session: Class initialized using 'CodeIgniter\Session\Handlers\FileHandler' driver.
INFO - 2024-12-29 15:34:44 --> Session: Class initialized using 'CodeIgniter\Session\Handlers\FileHandler' driver.
INFO - 2024-12-29 15:34:44 --> Session: Class initialized using 'CodeIgniter\Session\Handlers\FileHandler' driver.
INFO - 2024-12-29 15:44:04 --> CSRF token verified.
INFO - 2024-12-29 15:44:04 --> Session: Class initialized using 'CodeIgniter\Session\Handlers\FileHandler' driver.
DEBUG - 2024-12-29 15:44:04 --> POST Data: Array
(
    [ci_session] => qcu173pelfpuqquk14rou9lau62jd57v
    [product_id] => 675febf976c0b0feef66f307
    [product_name] => Örgü Sepet
    [product_price] => 150
    [quantity] => 1
)

CRITICAL - 2024-12-29 15:44:10 --> The action you requested is not allowed.
in SYSTEMPATH\Security\Security.php on line 298.
 1 SYSTEMPATH\Security\Security.php(298): CodeIgniter\Security\Exceptions\SecurityException::forDisallowedAction()
 2 SYSTEMPATH\Filters\CSRF.php(55): CodeIgniter\Security\Security->verify(Object(CodeIgniter\HTTP\IncomingRequest))
 3 SYSTEMPATH\Filters\Filters.php(182): CodeIgniter\Filters\CSRF->before(Object(CodeIgniter\HTTP\IncomingRequest), null)
 4 SYSTEMPATH\CodeIgniter.php(466): CodeIgniter\Filters\Filters->run('cart/add', 'before')
 5 SYSTEMPATH\CodeIgniter.php(353): CodeIgniter\CodeIgniter->handleRequest(null, Object(Config\Cache), false)
 6 FCPATH\index.php(79): CodeIgniter\CodeIgniter->run()
INFO - 2024-12-29 15:44:15 --> Session: Class initialized using 'CodeIgniter\Session\Handlers\FileHandler' driver.
INFO - 2024-12-29 15:44:17 --> Session: Class initialized using 'CodeIgniter\Session\Handlers\FileHandler' driver.
INFO - 2024-12-29 15:44:36 --> Session: Class initialized using 'CodeIgniter\Session\Handlers\FileHandler' driver.
INFO - 2024-12-29 15:44:55 --> Session: Class initialized using 'CodeIgniter\Session\Handlers\FileHandler' driver.
INFO - 2024-12-29 15:45:09 --> CSRF token verified.
INFO - 2024-12-29 15:45:09 --> Session: Class initialized using 'CodeIgniter\Session\Handlers\FileHandler' driver.
INFO - 2024-12-29 15:45:09 --> Session: Class initialized using 'CodeIgniter\Session\Handlers\FileHandler' driver.
INFO - 2024-12-29 15:46:14 --> Session: Class initialized using 'CodeIgniter\Session\Handlers\FileHandler' driver.
INFO - 2024-12-29 15:46:16 --> Session: Class initialized using 'CodeIgniter\Session\Handlers\FileHandler' driver.
INFO - 2024-12-29 15:46:18 --> Session: Class initialized using 'CodeIgniter\Session\Handlers\FileHandler' driver.
INFO - 2024-12-29 15:47:44 --> Session: Class initialized using 'CodeIgniter\Session\Handlers\FileHandler' driver.
INFO - 2024-12-29 15:47:46 --> Session: Class initialized using 'CodeIgniter\Session\Handlers\FileHandler' driver.
INFO - 2024-12-29 15:47:49 --> Session: Class initialized using 'CodeIgniter\Session\Handlers\FileHandler' driver.
INFO - 2024-12-29 16:07:58 --> Session: Class initialized using 'CodeIgniter\Session\Handlers\FileHandler' driver.
INFO - 2024-12-29 16:08:26 --> Session: Class initialized using 'CodeIgniter\Session\Handlers\FileHandler' driver.
INFO - 2024-12-29 16:09:34 --> Session: Class initialized using 'CodeIgniter\Session\Handlers\FileHandler' driver.
INFO - 2024-12-29 16:09:52 --> Session: Class initialized using 'CodeIgniter\Session\Handlers\FileHandler' driver.
INFO - 2024-12-29 16:09:59 --> Session: Class initialized using 'CodeIgniter\Session\Handlers\FileHandler' driver.
INFO - 2024-12-29 16:10:03 --> Session: Class initialized using 'CodeIgniter\Session\Handlers\FileHandler' driver.
INFO - 2024-12-29 16:10:08 --> Session: Class initialized using 'CodeIgniter\Session\Handlers\FileHandler' driver.
INFO - 2024-12-29 16:10:13 --> Session: Class initialized using 'CodeIgniter\Session\Handlers\FileHandler' driver.
INFO - 2024-12-29 16:10:13 --> Session: Class initialized using 'CodeIgniter\Session\Handlers\FileHandler' driver.
